{"numFailedTestSuites":10,"numFailedTests":20,"numPassedTestSuites":65,"numPassedTests":1033,"numPendingTestSuites":4,"numPendingTests":46,"numRuntimeErrorTestSuites":1,"numTodoTests":1,"numTotalTestSuites":79,"numTotalTests":1100,"openHandles":[],"snapshot":{"added":0,"didUpdate":false,"failure":false,"filesAdded":0,"filesRemoved":0,"filesRemovedList":[],"filesUnmatched":0,"filesUpdated":0,"matched":0,"total":0,"unchecked":0,"uncheckedKeysByFile":[],"unmatched":0,"updated":0},"startTime":1631666329989,"success":false,"testResults":[{"assertionResults":[{"ancestorTitles":["Function Legacy"],"failureMessages":[],"fullName":"Function Legacy PUT completes synchronously","location":null,"status":"pending","title":"PUT completes synchronously"},{"ancestorTitles":["Function Legacy"],"failureMessages":[],"fullName":"Function Legacy PUT with applicationSettings sets configuration","location":null,"status":"pending","title":"PUT with applicationSettings sets configuration"},{"ancestorTitles":["Function Legacy"],"failureMessages":[],"fullName":"Function Legacy PUT with computeSettings sets compute","location":null,"status":"pending","title":"PUT with computeSettings sets compute"},{"ancestorTitles":["Function Legacy"],"failureMessages":[],"fullName":"Function Legacy PUT with cronSettings sets schedule","location":null,"status":"pending","title":"PUT with cronSettings sets schedule"},{"ancestorTitles":["Function Legacy"],"failureMessages":[],"fullName":"Function Legacy PUT with applicationSettings set to empty string resets applicationSettings","location":null,"status":"pending","title":"PUT with applicationSettings set to empty string resets applicationSettings"},{"ancestorTitles":["Function Legacy"],"failureMessages":[],"fullName":"Function Legacy PUT with computeSettings set to empty string resets computeSettings","location":null,"status":"pending","title":"PUT with computeSettings set to empty string resets computeSettings"},{"ancestorTitles":["Function Legacy"],"failureMessages":[],"fullName":"Function Legacy PUT with cronSettings set to empty string resets schedule","location":null,"status":"pending","title":"PUT with cronSettings set to empty string resets schedule"},{"ancestorTitles":["Function Legacy"],"failureMessages":[],"fullName":"Function Legacy PUT with applicationSettings undefined is ignored","location":null,"status":"pending","title":"PUT with applicationSettings undefined is ignored"},{"ancestorTitles":["Function Legacy"],"failureMessages":[],"fullName":"Function Legacy PUT with computeSettings undefined is ignored","location":null,"status":"pending","title":"PUT with computeSettings undefined is ignored"},{"ancestorTitles":["Function Legacy"],"failureMessages":[],"fullName":"Function Legacy PUT with cronSettings undefined is ignored","location":null,"status":"pending","title":"PUT with cronSettings undefined is ignored"},{"ancestorTitles":["Function Legacy"],"failureMessages":[],"fullName":"Function Legacy PUT with empty compute resets compute","location":null,"status":"pending","title":"PUT with empty compute resets compute"},{"ancestorTitles":["Function Legacy"],"failureMessages":[],"fullName":"Function Legacy PUT with empty configuration resets configuration","location":null,"status":"pending","title":"PUT with empty configuration resets configuration"},{"ancestorTitles":["Function Legacy"],"failureMessages":[],"fullName":"Function Legacy PUT with empty schedule resets schedule","location":null,"status":"pending","title":"PUT with empty schedule resets schedule"},{"ancestorTitles":["Function Legacy"],"failureMessages":[],"fullName":"Function Legacy PUT with undefined compute is ignored","location":null,"status":"pending","title":"PUT with undefined compute is ignored"},{"ancestorTitles":["Function Legacy"],"failureMessages":[],"fullName":"Function Legacy PUT with undefined configuration is ignored","location":null,"status":"pending","title":"PUT with undefined configuration is ignored"},{"ancestorTitles":["Function Legacy"],"failureMessages":[],"fullName":"Function Legacy PUT with undefined schedule is ignored","location":null,"status":"pending","title":"PUT with undefined schedule is ignored"},{"ancestorTitles":["Function Legacy"],"failureMessages":[],"fullName":"Function Legacy PUT with undefined compute and undefined computeSettings resets compute","location":null,"status":"pending","title":"PUT with undefined compute and undefined computeSettings resets compute"},{"ancestorTitles":["Function Legacy"],"failureMessages":[],"fullName":"Function Legacy PUT with undefined configuration and undefined applicationSettings resets configuration","location":null,"status":"pending","title":"PUT with undefined configuration and undefined applicationSettings resets configuration"},{"ancestorTitles":["Function Legacy"],"failureMessages":[],"fullName":"Function Legacy PUT with undefined schedule and undefined cronSettings resets schedule","location":null,"status":"pending","title":"PUT with undefined schedule and undefined cronSettings resets schedule"},{"ancestorTitles":["Function Legacy"],"failureMessages":[],"fullName":"Function Legacy PUT with new compute values updates compute and computeSettings","location":null,"status":"pending","title":"PUT with new compute values updates compute and computeSettings"},{"ancestorTitles":["Function Legacy"],"failureMessages":[],"fullName":"Function Legacy PUT with new configuration values configuration compute and applicationSettings","location":null,"status":"pending","title":"PUT with new configuration values configuration compute and applicationSettings"},{"ancestorTitles":["Function Legacy"],"failureMessages":[],"fullName":"Function Legacy PUT with new schedule values updates schedule and cronSettings","location":null,"status":"pending","title":"PUT with new schedule values updates schedule and cronSettings"},{"ancestorTitles":["Function Legacy"],"failureMessages":[],"fullName":"Function Legacy PUT with computeSettings and lambda uses computeSettings","location":null,"status":"pending","title":"PUT with computeSettings and lambda uses computeSettings"},{"ancestorTitles":["Function Legacy"],"failureMessages":[],"fullName":"Function Legacy PUT with non-conflicting metadata and structured data changes is supported","location":null,"status":"pending","title":"PUT with non-conflicting metadata and structured data changes is supported"},{"ancestorTitles":["Function Legacy"],"failureMessages":[],"fullName":"Function Legacy PUT with conflicting configuration and application settings uses configuration","location":null,"status":"pending","title":"PUT with conflicting configuration and application settings uses configuration"},{"ancestorTitles":["Function Legacy"],"failureMessages":[],"fullName":"Function Legacy PUT with conflicting schedule and cronSettings uses schedule","location":null,"status":"pending","title":"PUT with conflicting schedule and cronSettings uses schedule"},{"ancestorTitles":["Function Legacy"],"failureMessages":[],"fullName":"Function Legacy PUT with conflicting compute and computeSettings uses compute","location":null,"status":"pending","title":"PUT with conflicting compute and computeSettings uses compute"},{"ancestorTitles":["Function Legacy"],"failureMessages":[],"fullName":"Function Legacy PUT supports setting staticIP=true","location":null,"status":"pending","title":"PUT supports setting staticIP=true"},{"ancestorTitles":["Function Legacy"],"failureMessages":[],"fullName":"Function Legacy PUT still supports lambda property for back-compat","location":null,"status":"pending","title":"PUT still supports lambda property for back-compat"},{"ancestorTitles":["Function Legacy"],"failureMessages":[],"fullName":"Function Legacy GET retrieves information of simple function","location":null,"status":"pending","title":"GET retrieves information of simple function"},{"ancestorTitles":["Function Legacy"],"failureMessages":[],"fullName":"Function Legacy GET retrieves information of function with package.json as JavaScript object","location":null,"status":"pending","title":"GET retrieves information of function with package.json as JavaScript object"},{"ancestorTitles":["Function Legacy"],"failureMessages":[],"fullName":"Function Legacy GET retrieves information of function with package.json as string","location":null,"status":"pending","title":"GET retrieves information of function with package.json as string"},{"ancestorTitles":["Function Legacy"],"failureMessages":[],"fullName":"Function Legacy GET retrieves information of function with configuration and metadata","location":null,"status":"pending","title":"GET retrieves information of function with configuration and metadata"},{"ancestorTitles":["Function Legacy"],"failureMessages":[],"fullName":"Function Legacy GET retrieves information of a cron function","location":null,"status":"pending","title":"GET retrieves information of a cron function"}],"endTime":1631666375587,"message":"","name":"/Users/matthew/code/q5/api/function-api/test/v1/function.legacy.test.ts","startTime":1631666330685,"status":"passed","summary":""},{"assertionResults":[{"ancestorTitles":["User Init Oauth","Init OAuth"],"failureMessages":[],"fullName":"User Init Oauth Init OAuth Getting an init token should be supported","location":null,"status":"passed","title":"Getting an init token should be supported"},{"ancestorTitles":["User Init Oauth","Init OAuth"],"failureMessages":[],"fullName":"User Init Oauth Init OAuth Getting an init token with id and displayName should be supported","location":null,"status":"passed","title":"Getting an init token with id and displayName should be supported"},{"ancestorTitles":["User Init Oauth","Init OAuth"],"failureMessages":[],"fullName":"User Init Oauth Init OAuth Getting an init token with a subscriptionId set should be supported","location":null,"status":"passed","title":"Getting an init token with a subscriptionId set should be supported"},{"ancestorTitles":["User Init Oauth","Init OAuth"],"failureMessages":[],"fullName":"User Init Oauth Init OAuth Getting an init token with a boundaryId set should be supported","location":null,"status":"passed","title":"Getting an init token with a boundaryId set should be supported"},{"ancestorTitles":["User Init Oauth","Init OAuth"],"failureMessages":[],"fullName":"User Init Oauth Init OAuth Getting an init token with a functionId set should be supported","location":null,"status":"passed","title":"Getting an init token with a functionId set should be supported"},{"ancestorTitles":["User Init Oauth","Init OAuth"],"failureMessages":[],"fullName":"User Init Oauth Init OAuth Getting an init token without profile should fail","location":null,"status":"passed","title":"Getting an init token without profile should fail"},{"ancestorTitles":["User Init Oauth","Resolve OAuth"],"failureMessages":[],"fullName":"User Init Oauth Resolve OAuth Resolving an init token should be supported","location":null,"status":"passed","title":"Resolving an init token should be supported"},{"ancestorTitles":["User Init Oauth","Resolve OAuth"],"failureMessages":[],"fullName":"User Init Oauth Resolve OAuth Resolving an init token with invalid protocol should fail","location":null,"status":"passed","title":"Resolving an init token with invalid protocol should fail"},{"ancestorTitles":["User Init Oauth","Resolve OAuth"],"failureMessages":[],"fullName":"User Init Oauth Resolve OAuth Resolving an init token with no accessToken returns an error","location":null,"status":"passed","title":"Resolving an init token with no accessToken returns an error"},{"ancestorTitles":["User Init Oauth","Resolve OAuth"],"failureMessages":[],"fullName":"User Init Oauth Resolve OAuth Resolving an init token with no jwt returns an error","location":null,"status":"passed","title":"Resolving an init token with no jwt returns an error"},{"ancestorTitles":["User Init Oauth","Resolve OAuth"],"failureMessages":[],"fullName":"User Init Oauth Resolve OAuth Resolving an init token with a non-existing account should return an error","location":null,"status":"passed","title":"Resolving an init token with a non-existing account should return an error"},{"ancestorTitles":["User Init Oauth","Resolve OAuth"],"failureMessages":[],"fullName":"User Init Oauth Resolve OAuth Resolving an init token with non-jwt should return an error","location":null,"status":"passed","title":"Resolving an init token with non-jwt should return an error"},{"ancestorTitles":["User Init Oauth","Resolve OAuth"],"failureMessages":[],"fullName":"User Init Oauth Resolve OAuth Resolving an init token using an access token with untrusted issuerId should return an error","location":null,"status":"passed","title":"Resolving an init token using an access token with untrusted issuerId should return an error"},{"ancestorTitles":["User Init Oauth","Resolve OAuth"],"failureMessages":[],"fullName":"User Init Oauth Resolve OAuth Resolving an init token using an access token with unrecognized keyId should return an error","location":null,"status":"passed","title":"Resolving an init token using an access token with unrecognized keyId should return an error"}],"endTime":1631666449539,"message":"","name":"/Users/matthew/code/q5/api/function-api/test/v1/user.init.oauth.test.ts","startTime":1631666330801,"status":"passed","summary":""},{"assertionResults":[],"coverage":{},"endTime":1631667417331,"message":"  \u001b[1m● \u001b[22mTest suite failed to run\n\n    TypeScript diagnostics (customize using `[jest-config].globals.ts-jest.diagnostics` option):\n    \u001b[96mtest/v2/proxy.test.ts\u001b[0m:\u001b[93m110\u001b[0m:\u001b[93m76\u001b[0m - \u001b[91merror\u001b[0m\u001b[90m TS2345: \u001b[0mArgument of type '{ authorizationUrl: string; tokenUrl: string; revokeUrl: string; clientId: string; clientSecret: string; }' is not assignable to parameter of type 'IOAuthProxyConfiguration'.\n      Type '{ authorizationUrl: string; tokenUrl: string; revokeUrl: string; clientId: string; clientSecret: string; }' is missing the following properties from type 'IOAuthProxyConfiguration': accountId, subscriptionId\n\n    \u001b[7m110\u001b[0m     await OAuthProxyConfig.set<IOAuthProxyConfiguration>('slack', account, {\n    \u001b[7m   \u001b[0m \u001b[91m                                                                           ~\u001b[0m\n    \u001b[7m111\u001b[0m       ...proxyIdentity,\n    \u001b[7m   \u001b[0m \u001b[91m~~~~~~~~~~~~~~~~~~~~~~~\u001b[0m\n    \u001b[7m...\u001b[0m \n    \u001b[7m114\u001b[0m       revokeUrl,\n    \u001b[7m   \u001b[0m \u001b[91m~~~~~~~~~~~~~~~~\u001b[0m\n    \u001b[7m115\u001b[0m     });\n    \u001b[7m   \u001b[0m \u001b[91m~~~~~\u001b[0m\n    \u001b[96mtest/v2/proxy.test.ts\u001b[0m:\u001b[93m187\u001b[0m:\u001b[93m113\u001b[0m - \u001b[91merror\u001b[0m\u001b[90m TS2345: \u001b[0mArgument of type '{ clientId: string; clientSecret: string; authorizationUrl: string; tokenUrl: string; revokeUrl: string; }' is not assignable to parameter of type 'IOAuthProxyConfiguration'.\n      Type '{ clientId: string; clientSecret: string; authorizationUrl: string; tokenUrl: string; revokeUrl: string; }' is missing the following properties from type 'IOAuthProxyConfiguration': accountId, subscriptionId\n\n    \u001b[7m187\u001b[0m     const proxyService = new OAuthProxyService(account.accountId, account.subscriptionId, connectorId, 'slack', {\n    \u001b[7m   \u001b[0m \u001b[91m                                                                                                                ~\u001b[0m\n    \u001b[7m188\u001b[0m       clientId: 'A',\n    \u001b[7m   \u001b[0m \u001b[91m~~~~~~~~~~~~~~~~~~~~\u001b[0m\n    \u001b[7m...\u001b[0m \n    \u001b[7m192\u001b[0m       revokeUrl,\n    \u001b[7m   \u001b[0m \u001b[91m~~~~~~~~~~~~~~~~\u001b[0m\n    \u001b[7m193\u001b[0m     });\n    \u001b[7m   \u001b[0m \u001b[91m~~~~~\u001b[0m\n    \u001b[96mtest/v2/proxy.test.ts\u001b[0m:\u001b[93m389\u001b[0m:\u001b[93m112\u001b[0m - \u001b[91merror\u001b[0m\u001b[90m TS2345: \u001b[0mArgument of type '{ clientId: string; clientSecret: string; authorizationUrl: string; tokenUrl: string; revokeUrl: string; }' is not assignable to parameter of type 'IOAuthProxyConfiguration'.\n      Type '{ clientId: string; clientSecret: string; authorizationUrl: string; tokenUrl: string; revokeUrl: string; }' is missing the following properties from type 'IOAuthProxyConfiguration': accountId, subscriptionId\n\n    \u001b[7m389\u001b[0m     const proxyService = new OAuthProxyService(account.accountId, account.subscriptionId, boundaryId, 'slack', {\n    \u001b[7m   \u001b[0m \u001b[91m                                                                                                               ~\u001b[0m\n    \u001b[7m390\u001b[0m       clientId: 'A',\n    \u001b[7m   \u001b[0m \u001b[91m~~~~~~~~~~~~~~~~~~~~\u001b[0m\n    \u001b[7m...\u001b[0m \n    \u001b[7m394\u001b[0m       revokeUrl,\n    \u001b[7m   \u001b[0m \u001b[91m~~~~~~~~~~~~~~~~\u001b[0m\n    \u001b[7m395\u001b[0m     });\n    \u001b[7m   \u001b[0m \u001b[91m~~~~~\u001b[0m\n    \u001b[96mtest/v2/proxy.test.ts\u001b[0m:\u001b[93m461\u001b[0m:\u001b[93m112\u001b[0m - \u001b[91merror\u001b[0m\u001b[90m TS2345: \u001b[0mArgument of type '{ clientId: string; clientSecret: string; authorizationUrl: string; tokenUrl: string; revokeUrl: string; }' is not assignable to parameter of type 'IOAuthProxyConfiguration'.\n      Type '{ clientId: string; clientSecret: string; authorizationUrl: string; tokenUrl: string; revokeUrl: string; }' is missing the following properties from type 'IOAuthProxyConfiguration': accountId, subscriptionId\n\n    \u001b[7m461\u001b[0m     const proxyService = new OAuthProxyService(account.accountId, account.subscriptionId, boundaryId, 'slack', {\n    \u001b[7m   \u001b[0m \u001b[91m                                                                                                               ~\u001b[0m\n    \u001b[7m462\u001b[0m       clientId: 'A',\n    \u001b[7m   \u001b[0m \u001b[91m~~~~~~~~~~~~~~~~~~~~\u001b[0m\n    \u001b[7m...\u001b[0m \n    \u001b[7m466\u001b[0m       revokeUrl,\n    \u001b[7m   \u001b[0m \u001b[91m~~~~~~~~~~~~~~~~\u001b[0m\n    \u001b[7m467\u001b[0m     });\n    \u001b[7m   \u001b[0m \u001b[91m~~~~~\u001b[0m\n","name":"/Users/matthew/code/q5/api/function-api/test/v2/proxy.test.ts","startTime":1631667417331,"status":"failed","summary":""},{"assertionResults":[{"ancestorTitles":["User Init OAuth","Init OAuth"],"failureMessages":[],"fullName":"User Init OAuth Init OAuth Getting an init token should be supported","location":null,"status":"passed","title":"Getting an init token should be supported"},{"ancestorTitles":["User Init OAuth","Init OAuth"],"failureMessages":[],"fullName":"User Init OAuth Init OAuth Getting an init token with id and displayName should be supported","location":null,"status":"passed","title":"Getting an init token with id and displayName should be supported"},{"ancestorTitles":["User Init OAuth","Init OAuth"],"failureMessages":[],"fullName":"User Init OAuth Init OAuth Getting an init token with a subscriptionId set should be supported","location":null,"status":"passed","title":"Getting an init token with a subscriptionId set should be supported"},{"ancestorTitles":["User Init OAuth","Init OAuth"],"failureMessages":[],"fullName":"User Init OAuth Init OAuth Getting an init token with a boundaryId set should be supported","location":null,"status":"passed","title":"Getting an init token with a boundaryId set should be supported"},{"ancestorTitles":["User Init OAuth","Init OAuth"],"failureMessages":[],"fullName":"User Init OAuth Init OAuth Getting an init token with a functionId set should be supported","location":null,"status":"passed","title":"Getting an init token with a functionId set should be supported"},{"ancestorTitles":["User Init OAuth","Init OAuth"],"failureMessages":[],"fullName":"User Init OAuth Init OAuth Getting an init token without profile should fail","location":null,"status":"passed","title":"Getting an init token without profile should fail"},{"ancestorTitles":["User Init OAuth","Resolve OAuth"],"failureMessages":[],"fullName":"User Init OAuth Resolve OAuth Resolving an init token should be supported","location":null,"status":"passed","title":"Resolving an init token should be supported"},{"ancestorTitles":["User Init OAuth","Resolve OAuth"],"failureMessages":[],"fullName":"User Init OAuth Resolve OAuth Resolving an init token with invalid protocol should fail","location":null,"status":"passed","title":"Resolving an init token with invalid protocol should fail"},{"ancestorTitles":["User Init OAuth","Resolve OAuth"],"failureMessages":[],"fullName":"User Init OAuth Resolve OAuth Resolving an init token with no accessToken returns an error","location":null,"status":"passed","title":"Resolving an init token with no accessToken returns an error"},{"ancestorTitles":["User Init OAuth","Resolve OAuth"],"failureMessages":[],"fullName":"User Init OAuth Resolve OAuth Resolving an init token with no jwt returns an error","location":null,"status":"passed","title":"Resolving an init token with no jwt returns an error"},{"ancestorTitles":["User Init OAuth","Resolve OAuth"],"failureMessages":[],"fullName":"User Init OAuth Resolve OAuth Resolving an init token with a non-existing account should return an error","location":null,"status":"passed","title":"Resolving an init token with a non-existing account should return an error"},{"ancestorTitles":["User Init OAuth","Resolve OAuth"],"failureMessages":[],"fullName":"User Init OAuth Resolve OAuth Resolving an init token with non-jwt should return an error","location":null,"status":"passed","title":"Resolving an init token with non-jwt should return an error"},{"ancestorTitles":["User Init OAuth","Resolve OAuth"],"failureMessages":[],"fullName":"User Init OAuth Resolve OAuth Resolving an init token using an access token with untrusted issuerId should return an error","location":null,"status":"passed","title":"Resolving an init token using an access token with untrusted issuerId should return an error"},{"ancestorTitles":["User Init OAuth","Resolve OAuth"],"failureMessages":[],"fullName":"User Init OAuth Resolve OAuth Resolving an init token using an access token with unrecognized keyId should return an error","location":null,"status":"passed","title":"Resolving an init token using an access token with unrecognized keyId should return an error"}],"endTime":1631666454911,"message":"","name":"/Users/matthew/code/q5/api/function-api/test/v1/client.init.oauth.test.ts","startTime":1631666375866,"status":"passed","summary":""},{"assertionResults":[{"ancestorTitles":["Client Init PKI","Init PKI"],"failureMessages":[],"fullName":"Client Init PKI Init PKI Getting an init token should be supported","location":null,"status":"passed","title":"Getting an init token should be supported"},{"ancestorTitles":["Client Init PKI","Init PKI"],"failureMessages":[],"fullName":"Client Init PKI Init PKI Getting an init token with id and displayName should be supported","location":null,"status":"passed","title":"Getting an init token with id and displayName should be supported"},{"ancestorTitles":["Client Init PKI","Init PKI"],"failureMessages":[],"fullName":"Client Init PKI Init PKI Getting an init token with a subscriptionId set should be supported","location":null,"status":"passed","title":"Getting an init token with a subscriptionId set should be supported"},{"ancestorTitles":["Client Init PKI","Init PKI"],"failureMessages":[],"fullName":"Client Init PKI Init PKI Getting an init token with a boundaryId set should be supported","location":null,"status":"passed","title":"Getting an init token with a boundaryId set should be supported"},{"ancestorTitles":["Client Init PKI","Init PKI"],"failureMessages":[],"fullName":"Client Init PKI Init PKI Getting an init token with a functionId set should be supported","location":null,"status":"passed","title":"Getting an init token with a functionId set should be supported"},{"ancestorTitles":["Client Init PKI","Init PKI"],"failureMessages":[],"fullName":"Client Init PKI Init PKI Getting an init token with invalid protocol should fail","location":null,"status":"passed","title":"Getting an init token with invalid protocol should fail"},{"ancestorTitles":["Client Init PKI","Init PKI"],"failureMessages":[],"fullName":"Client Init PKI Init PKI Getting an init token without profile should fail","location":null,"status":"passed","title":"Getting an init token without profile should fail"},{"ancestorTitles":["Client Init PKI","Init PKI"],"failureMessages":[],"fullName":"Client Init PKI Init PKI Getting an init token with an invalid client id should return an error","location":null,"status":"passed","title":"Getting an init token with an invalid client id should return an error"},{"ancestorTitles":["Client Init PKI","Init PKI"],"failureMessages":[],"fullName":"Client Init PKI Init PKI Getting a non-existing client should return an error","location":null,"status":"passed","title":"Getting a non-existing client should return an error"},{"ancestorTitles":["Client Init PKI","Init PKI"],"failureMessages":[],"fullName":"Client Init PKI Init PKI Getting an init token with a malformed account account should return an error","location":null,"status":"passed","title":"Getting an init token with a malformed account account should return an error"},{"ancestorTitles":["Client Init PKI","Init PKI"],"failureMessages":[],"fullName":"Client Init PKI Init PKI Getting an init token with a non-existing account should return an error","location":null,"status":"passed","title":"Getting an init token with a non-existing account should return an error"},{"ancestorTitles":["Client Init PKI","Resolve PKI"],"failureMessages":[],"fullName":"Client Init PKI Resolve PKI Resolving an init token should be supported","location":null,"status":"passed","title":"Resolving an init token should be supported"},{"ancestorTitles":["Client Init PKI","Resolve PKI"],"failureMessages":[],"fullName":"Client Init PKI Resolve PKI Resolving an init token with invalid protocol should fail","location":null,"status":"passed","title":"Resolving an init token with invalid protocol should fail"},{"ancestorTitles":["Client Init PKI","Resolve PKI"],"failureMessages":[],"fullName":"Client Init PKI Resolve PKI Resolving an init token with no accessToken returns an error","location":null,"status":"passed","title":"Resolving an init token with no accessToken returns an error"},{"ancestorTitles":["Client Init PKI","Resolve PKI"],"failureMessages":[],"fullName":"Client Init PKI Resolve PKI Resolving an init token with no publicKey returns an error","location":null,"status":"passed","title":"Resolving an init token with no publicKey returns an error"},{"ancestorTitles":["Client Init PKI","Resolve PKI"],"failureMessages":[],"fullName":"Client Init PKI Resolve PKI Resolving an init token with no jwt returns an error","location":null,"status":"passed","title":"Resolving an init token with no jwt returns an error"},{"ancestorTitles":["Client Init PKI","Resolve PKI"],"failureMessages":[],"fullName":"Client Init PKI Resolve PKI Resolving an init token with a non-existing account should return an error","location":null,"status":"passed","title":"Resolving an init token with a non-existing account should return an error"},{"ancestorTitles":["Client Init PKI","Resolve PKI"],"failureMessages":[],"fullName":"Client Init PKI Resolve PKI Resolving an init token with non-jwt should return an error","location":null,"status":"passed","title":"Resolving an init token with non-jwt should return an error"},{"ancestorTitles":["Client Init PKI","Resolve PKI"],"failureMessages":[],"fullName":"Client Init PKI Resolve PKI Resolving an init token using an access token with different issuerId should return an error","location":null,"status":"passed","title":"Resolving an init token using an access token with different issuerId should return an error"},{"ancestorTitles":["Client Init PKI","Resolve PKI"],"failureMessages":[],"fullName":"Client Init PKI Resolve PKI Resolving an init token using an access token with different subject should return an error","location":null,"status":"passed","title":"Resolving an init token using an access token with different subject should return an error"}],"endTime":1631666464744,"message":"","name":"/Users/matthew/code/q5/api/function-api/test/v1/client.init.pki.test.ts","startTime":1631666330761,"status":"passed","summary":""},{"assertionResults":[{"ancestorTitles":["User Init PKI","Init PKI"],"failureMessages":[],"fullName":"User Init PKI Init PKI Getting an init token should be supported","location":null,"status":"passed","title":"Getting an init token should be supported"},{"ancestorTitles":["User Init PKI","Init PKI"],"failureMessages":[],"fullName":"User Init PKI Init PKI Getting an init token with id and displayName should be supported","location":null,"status":"passed","title":"Getting an init token with id and displayName should be supported"},{"ancestorTitles":["User Init PKI","Init PKI"],"failureMessages":[],"fullName":"User Init PKI Init PKI Getting an init token with a subscriptionId set should be supported","location":null,"status":"passed","title":"Getting an init token with a subscriptionId set should be supported"},{"ancestorTitles":["User Init PKI","Init PKI"],"failureMessages":[],"fullName":"User Init PKI Init PKI Getting an init token with a boundaryId set should be supported","location":null,"status":"passed","title":"Getting an init token with a boundaryId set should be supported"},{"ancestorTitles":["User Init PKI","Init PKI"],"failureMessages":[],"fullName":"User Init PKI Init PKI Getting an init token with a functionId set should be supported","location":null,"status":"passed","title":"Getting an init token with a functionId set should be supported"},{"ancestorTitles":["User Init PKI","Init PKI"],"failureMessages":[],"fullName":"User Init PKI Init PKI Getting an init token with invalid protocol should fail","location":null,"status":"passed","title":"Getting an init token with invalid protocol should fail"},{"ancestorTitles":["User Init PKI","Init PKI"],"failureMessages":[],"fullName":"User Init PKI Init PKI Getting an init token without profile should fail","location":null,"status":"passed","title":"Getting an init token without profile should fail"},{"ancestorTitles":["User Init PKI","Init PKI"],"failureMessages":[],"fullName":"User Init PKI Init PKI Getting an init token with an invalid user id should return an error","location":null,"status":"passed","title":"Getting an init token with an invalid user id should return an error"},{"ancestorTitles":["User Init PKI","Init PKI"],"failureMessages":[],"fullName":"User Init PKI Init PKI Getting a non-existing user should return an error","location":null,"status":"passed","title":"Getting a non-existing user should return an error"},{"ancestorTitles":["User Init PKI","Init PKI"],"failureMessages":[],"fullName":"User Init PKI Init PKI Getting an init token with a malformed account account should return an error","location":null,"status":"passed","title":"Getting an init token with a malformed account account should return an error"},{"ancestorTitles":["User Init PKI","Init PKI"],"failureMessages":[],"fullName":"User Init PKI Init PKI Getting an init token with a non-existing account should return an error","location":null,"status":"passed","title":"Getting an init token with a non-existing account should return an error"},{"ancestorTitles":["User Init PKI","Resolve PKI"],"failureMessages":[],"fullName":"User Init PKI Resolve PKI Resolving an init token should be supported","location":null,"status":"passed","title":"Resolving an init token should be supported"},{"ancestorTitles":["User Init PKI","Resolve PKI"],"failureMessages":[],"fullName":"User Init PKI Resolve PKI Resolving an init token with invalid protocol should fail","location":null,"status":"passed","title":"Resolving an init token with invalid protocol should fail"},{"ancestorTitles":["User Init PKI","Resolve PKI"],"failureMessages":[],"fullName":"User Init PKI Resolve PKI Resolving an init token with no accessToken returns an error","location":null,"status":"passed","title":"Resolving an init token with no accessToken returns an error"},{"ancestorTitles":["User Init PKI","Resolve PKI"],"failureMessages":[],"fullName":"User Init PKI Resolve PKI Resolving an init token with no publicKey returns an error","location":null,"status":"passed","title":"Resolving an init token with no publicKey returns an error"},{"ancestorTitles":["User Init PKI","Resolve PKI"],"failureMessages":[],"fullName":"User Init PKI Resolve PKI Resolving an init token with no jwt returns an error","location":null,"status":"passed","title":"Resolving an init token with no jwt returns an error"},{"ancestorTitles":["User Init PKI","Resolve PKI"],"failureMessages":[],"fullName":"User Init PKI Resolve PKI Resolving an init token with a non-existing account should return an error","location":null,"status":"passed","title":"Resolving an init token with a non-existing account should return an error"},{"ancestorTitles":["User Init PKI","Resolve PKI"],"failureMessages":[],"fullName":"User Init PKI Resolve PKI Resolving an init token with non-jwt should return an error","location":null,"status":"passed","title":"Resolving an init token with non-jwt should return an error"},{"ancestorTitles":["User Init PKI","Resolve PKI"],"failureMessages":[],"fullName":"User Init PKI Resolve PKI Resolving an init token using an access token with different issuerId should return an error","location":null,"status":"passed","title":"Resolving an init token using an access token with different issuerId should return an error"},{"ancestorTitles":["User Init PKI","Resolve PKI"],"failureMessages":[],"fullName":"User Init PKI Resolve PKI Resolving an init token using an access token with different subject should return an error","location":null,"status":"passed","title":"Resolving an init token using an access token with different subject should return an error"}],"endTime":1631666464853,"message":"","name":"/Users/matthew/code/q5/api/function-api/test/v1/user.init.pki.test.ts","startTime":1631666330717,"status":"passed","summary":""},{"assertionResults":[{"ancestorTitles":["Workflow"],"failureMessages":["Error: \u001b[2mexpect(\u001b[22m\u001b[31mreceived\u001b[39m\u001b[2m).\u001b[22mtoEqual\u001b[2m(\u001b[22m\u001b[32mexpected\u001b[39m\u001b[2m) // deep equality\u001b[22m\n\nExpected: \u001b[32m200\u001b[39m\nReceived: \u001b[31m400\u001b[39m undefined\n\nfailing request:\n400 GET https://bright-grasshopper-42.tunnel.dev.fusebit.io/v2/account/acc-657e7fe7f3044b91/subscription/sub-695bd91985574f01/integration/test-workflow-107-7256331-integ/api/testSession?session=3800b6c8-f029-409d-a4ab-3e7c224242a6 - headers: {\n  \"server\": \"nginx/1.16.1\",\n  \"date\": \"Wed, 15 Sep 2021 00:41:35 GMT\",\n  \"content-type\": \"application/json; charset=utf-8\",\n  \"content-length\": \"38\",\n  \"connection\": \"keep-alive\",\n  \"x-powered-by\": \"Express\",\n  \"access-control-allow-origin\": \"*\",\n  \"access-control-allow-credentials\": \"true\",\n  \"access-control-expose-headers\": \"x-fx-logs,x-fx-response-source,content-length\",\n  \"x-fx-response-source\": \"function\",\n  \"x-fx-logs\": \"TGFzdCBleGVjdXRpb24gdG9vayAzMDQuMjQgbXMgYW5kIHVzZWQgOTIgTUIgb2YgbWVtb3J5Lg==\",\n  \"etag\": \"W/\\\"26-4OsdQEAQ2UwcPKPcDLc4YvPEgaw\\\"\"\n} - data: {\n  \"status\": 400,\n  \"message\": \"Bad Request\"\n} - account: {\"accountId\":\"acc-657e7fe7f3044b91\",\"subscriptionId\":\"sub-695bd91985574f01\",\"audience\":\"http://localhost:3001\",\"baseUrl\":\"http://localhost:3001\",\"accessToken\":\"eyJhbGciOiJSUzI1NiIsInR5cCI6IkpXVCIsImtpZCI6IjcyNzdhNjBjIiwiand0SWQiOiIzODZmZDhjZTFkM2I0NTY5YWI3YWM3MDFjYjBjYzQxNiJ9.eyJpYXQiOjE2MzE2NjY0NTMsImV4cCI6MTYzMTY3MzY1MywiYXVkIjoiaHR0cDovL2xvY2FsaG9zdDozMDAxIiwiaXNzIjoiOTFkYmY2ZDAudXNyLWM5NzlmMmRlZjhhZjRhOTcuY2ljZC51cy1lYXN0LTIuZGV2LmZ1c2ViaXQuaW8iLCJzdWIiOiJjbGktYmNhYmU0NGMifQ.VWWG2Hw3wJSop2Y9mTX4dtMlY0CJ0_tEh31JlxSy54by3Vtgu-9eddZlUNtRtgejqctBDq1chhoRDYtnT2zyhNLJ2ciKrw2CdYLZBR_NeaVbHbEpou88OQzabPzbXSBIA9M86A3o64jryfQZkZJ4Fa3OQqTvNrYfEsMFFSO_MOyW3El2hLH8jpjFzHJJ1kB3WReZln7p6BkbhURRG9bhA0D1hFg-_9KQP1nZEItrpu7HvXOYuHo3f7Q1dGK3bRqLwzbQNY6bWBVriR8FW9-ClgBLEgUgIh_s6m0ev35gPquJ-pB8aDzRX1mjerHyTc6ACGKC23J4MPj9BaWU7ILyZ1leai3P4l4pDXkdDzQ1Kk54JyAwwF3fV2sM3CpEkB4crCMqSXCb2iviWFB52MlVCfwZQh-ECRUZRexWhUhmPT9CSoSrsCMY0-0Zt7AU7SR3TPim2x1XoVWptAIRHtaXx3Bt7GlPISRIaPsSpEGAcZcPOp53gf4gQdyWjVZiN7uRTpnjkMYRzWWXTfEcT3uL9vNay_ntL3JJISXu0JPToN-z_0Goh8ymmhtMSBcvrpZFqt5A-eIByATAQedV50AUOa--vq49RmoPlf14O9JvxoAvuBglQJQcaxbN4Z1zxxL4949YGM-4ahu-nSwSCK0mY940H53uWWHLSoyPDHq33pU\",\"userAgent\":\"fusebit-test\"}\n    at Object.<anonymous> (/Users/matthew/code/q5/api/function-api/test/v2/workflow.test.ts:237:22)\n    at processTicksAndRejections (internal/process/task_queues.js:95:5)"],"fullName":"Workflow Create a connector and an integration and use a session","location":null,"status":"failed","title":"Create a connector and an integration and use a session"}],"endTime":1631666498843,"message":"\u001b[1m\u001b[31m  \u001b[1m● \u001b[1mWorkflow › Create a connector and an integration and use a session\u001b[39m\u001b[22m\n\n    \u001b[2mexpect(\u001b[22m\u001b[31mreceived\u001b[39m\u001b[2m).\u001b[22mtoEqual\u001b[2m(\u001b[22m\u001b[32mexpected\u001b[39m\u001b[2m) // deep equality\u001b[22m\n\n    Expected: \u001b[32m200\u001b[39m\n    Received: \u001b[31m400\u001b[39m undefined\n\n    failing request:\n    400 GET https://bright-grasshopper-42.tunnel.dev.fusebit.io/v2/account/acc-657e7fe7f3044b91/subscription/sub-695bd91985574f01/integration/test-workflow-107-7256331-integ/api/testSession?session=3800b6c8-f029-409d-a4ab-3e7c224242a6 - headers: {\n      \"server\": \"nginx/1.16.1\",\n      \"date\": \"Wed, 15 Sep 2021 00:41:35 GMT\",\n      \"content-type\": \"application/json; charset=utf-8\",\n      \"content-length\": \"38\",\n      \"connection\": \"keep-alive\",\n      \"x-powered-by\": \"Express\",\n      \"access-control-allow-origin\": \"*\",\n      \"access-control-allow-credentials\": \"true\",\n      \"access-control-expose-headers\": \"x-fx-logs,x-fx-response-source,content-length\",\n      \"x-fx-response-source\": \"function\",\n      \"x-fx-logs\": \"TGFzdCBleGVjdXRpb24gdG9vayAzMDQuMjQgbXMgYW5kIHVzZWQgOTIgTUIgb2YgbWVtb3J5Lg==\",\n      \"etag\": \"W/\\\"26-4OsdQEAQ2UwcPKPcDLc4YvPEgaw\\\"\"\n    } - data: {\n      \"status\": 400,\n      \"message\": \"Bad Request\"\n    } - account: {\"accountId\":\"acc-657e7fe7f3044b91\",\"subscriptionId\":\"sub-695bd91985574f01\",\"audience\":\"http://localhost:3001\",\"baseUrl\":\"http://localhost:3001\",\"accessToken\":\"eyJhbGciOiJSUzI1NiIsInR5cCI6IkpXVCIsImtpZCI6IjcyNzdhNjBjIiwiand0SWQiOiIzODZmZDhjZTFkM2I0NTY5YWI3YWM3MDFjYjBjYzQxNiJ9.eyJpYXQiOjE2MzE2NjY0NTMsImV4cCI6MTYzMTY3MzY1MywiYXVkIjoiaHR0cDovL2xvY2FsaG9zdDozMDAxIiwiaXNzIjoiOTFkYmY2ZDAudXNyLWM5NzlmMmRlZjhhZjRhOTcuY2ljZC51cy1lYXN0LTIuZGV2LmZ1c2ViaXQuaW8iLCJzdWIiOiJjbGktYmNhYmU0NGMifQ.VWWG2Hw3wJSop2Y9mTX4dtMlY0CJ0_tEh31JlxSy54by3Vtgu-9eddZlUNtRtgejqctBDq1chhoRDYtnT2zyhNLJ2ciKrw2CdYLZBR_NeaVbHbEpou88OQzabPzbXSBIA9M86A3o64jryfQZkZJ4Fa3OQqTvNrYfEsMFFSO_MOyW3El2hLH8jpjFzHJJ1kB3WReZln7p6BkbhURRG9bhA0D1hFg-_9KQP1nZEItrpu7HvXOYuHo3f7Q1dGK3bRqLwzbQNY6bWBVriR8FW9-ClgBLEgUgIh_s6m0ev35gPquJ-pB8aDzRX1mjerHyTc6ACGKC23J4MPj9BaWU7ILyZ1leai3P4l4pDXkdDzQ1Kk54JyAwwF3fV2sM3CpEkB4crCMqSXCb2iviWFB52MlVCfwZQh-ECRUZRexWhUhmPT9CSoSrsCMY0-0Zt7AU7SR3TPim2x1XoVWptAIRHtaXx3Bt7GlPISRIaPsSpEGAcZcPOp53gf4gQdyWjVZiN7uRTpnjkMYRzWWXTfEcT3uL9vNay_ntL3JJISXu0JPToN-z_0Goh8ymmhtMSBcvrpZFqt5A-eIByATAQedV50AUOa--vq49RmoPlf14O9JvxoAvuBglQJQcaxbN4Z1zxxL4949YGM-4ahu-nSwSCK0mY940H53uWWHLSoyPDHq33pU\",\"userAgent\":\"fusebit-test\"}\n\u001b[2m\u001b[22m\n\u001b[2m    \u001b[0m \u001b[90m 235 | \u001b[39m      maxRedirects\u001b[33m:\u001b[39m \u001b[35m0\u001b[39m\u001b[33m,\u001b[39m\u001b[0m\u001b[22m\n\u001b[2m    \u001b[0m \u001b[90m 236 | \u001b[39m    })\u001b[33m;\u001b[39m\u001b[0m\u001b[22m\n\u001b[2m    \u001b[0m\u001b[31m\u001b[1m>\u001b[2m\u001b[39m\u001b[90m 237 | \u001b[39m    expect(response)\u001b[33m.\u001b[39mtoBeHttp({\u001b[0m\u001b[22m\n\u001b[2m    \u001b[0m \u001b[90m     | \u001b[39m                     \u001b[31m\u001b[1m^\u001b[2m\u001b[39m\u001b[0m\u001b[22m\n\u001b[2m    \u001b[0m \u001b[90m 238 | \u001b[39m      statusCode\u001b[33m:\u001b[39m \u001b[35m200\u001b[39m\u001b[33m,\u001b[39m\u001b[0m\u001b[22m\n\u001b[2m    \u001b[0m \u001b[90m 239 | \u001b[39m      data\u001b[33m:\u001b[39m {\u001b[0m\u001b[22m\n\u001b[2m    \u001b[0m \u001b[90m 240 | \u001b[39m        id\u001b[33m:\u001b[39m formSessionId\u001b[33m,\u001b[39m\u001b[0m\u001b[22m\n\u001b[2m\u001b[22m\n\u001b[2m      \u001b[2mat Object.<anonymous> (\u001b[2m\u001b[0m\u001b[36mtest/v2/workflow.test.ts\u001b[39m\u001b[0m\u001b[2m:237:22)\u001b[2m\u001b[22m\n","name":"/Users/matthew/code/q5/api/function-api/test/v2/workflow.test.ts","startTime":1631666450599,"status":"failed","summary":""},{"assertionResults":[{"ancestorTitles":["User Update","Update"],"failureMessages":[],"fullName":"User Update Update Updating a user with a first name and an existing first name should be supported","location":null,"status":"passed","title":"Updating a user with a first name and an existing first name should be supported"},{"ancestorTitles":["User Update","Update"],"failureMessages":[],"fullName":"User Update Update Updating a user with a first name and no existing first name should be supported","location":null,"status":"passed","title":"Updating a user with a first name and no existing first name should be supported"},{"ancestorTitles":["User Update","Update"],"failureMessages":[],"fullName":"User Update Update Updating a user with a first name should not alter other fields","location":null,"status":"passed","title":"Updating a user with a first name should not alter other fields"},{"ancestorTitles":["User Update","Update"],"failureMessages":[],"fullName":"User Update Update Updating a user with a last name and an existing last name should be supported","location":null,"status":"passed","title":"Updating a user with a last name and an existing last name should be supported"},{"ancestorTitles":["User Update","Update"],"failureMessages":[],"fullName":"User Update Update Updating a user with a last name and no existing last name should be supported","location":null,"status":"passed","title":"Updating a user with a last name and no existing last name should be supported"},{"ancestorTitles":["User Update","Update"],"failureMessages":[],"fullName":"User Update Update Updating a user with a last name should not alter other fields","location":null,"status":"passed","title":"Updating a user with a last name should not alter other fields"},{"ancestorTitles":["User Update","Update"],"failureMessages":[],"fullName":"User Update Update Updating a user with a primary email and an existing primary email should be supported","location":null,"status":"passed","title":"Updating a user with a primary email and an existing primary email should be supported"},{"ancestorTitles":["User Update","Update"],"failureMessages":[],"fullName":"User Update Update Updating a user with a primary email and no existing primary email should be supported","location":null,"status":"passed","title":"Updating a user with a primary email and no existing primary email should be supported"},{"ancestorTitles":["User Update","Update"],"failureMessages":[],"fullName":"User Update Update Updating a user with a primary email should not alter other fields","location":null,"status":"passed","title":"Updating a user with a primary email should not alter other fields"},{"ancestorTitles":["User Update","Update"],"failureMessages":[],"fullName":"User Update Update Updating a user with an identity and an existing identity should be supported","location":null,"status":"passed","title":"Updating a user with an identity and an existing identity should be supported"},{"ancestorTitles":["User Update","Update"],"failureMessages":[],"fullName":"User Update Update Updating a user with an identity and no existing identity should be supported","location":null,"status":"passed","title":"Updating a user with an identity and no existing identity should be supported"},{"ancestorTitles":["User Update","Update"],"failureMessages":[],"fullName":"User Update Update Updating a user with an identity should not alter other fields","location":null,"status":"passed","title":"Updating a user with an identity should not alter other fields"},{"ancestorTitles":["User Update","Update"],"failureMessages":[],"fullName":"User Update Update Updating a user with an existing identity should return an error","location":null,"status":"passed","title":"Updating a user with an existing identity should return an error"},{"ancestorTitles":["User Update","Update"],"failureMessages":[],"fullName":"User Update Update Updating a user with access should normalize resource ","location":null,"status":"passed","title":"Updating a user with access should normalize resource "},{"ancestorTitles":["User Update","Update"],"failureMessages":[],"fullName":"User Update Update Updating a user with access and existing access should be supported","location":null,"status":"passed","title":"Updating a user with access and existing access should be supported"},{"ancestorTitles":["User Update","Update"],"failureMessages":[],"fullName":"User Update Update Updating a user with access and no existing access should be supported","location":null,"status":"passed","title":"Updating a user with access and no existing access should be supported"},{"ancestorTitles":["User Update","Update"],"failureMessages":[],"fullName":"User Update Update Updating a user with an access should not alter other fields","location":null,"status":"passed","title":"Updating a user with an access should not alter other fields"},{"ancestorTitles":["User Update","Update"],"failureMessages":[],"fullName":"User Update Update Updating a user with the id in the body should be supported","location":null,"status":"passed","title":"Updating a user with the id in the body should be supported"},{"ancestorTitles":["User Update","Update"],"failureMessages":[],"fullName":"User Update Update Updating a user with an id in the body that does not match the url returns an error","location":null,"status":"passed","title":"Updating a user with an id in the body that does not match the url returns an error"},{"ancestorTitles":["User Update","Update"],"failureMessages":[],"fullName":"User Update Update Updating a user with an empty string first name is not supported","location":null,"status":"passed","title":"Updating a user with an empty string first name is not supported"},{"ancestorTitles":["User Update","Update"],"failureMessages":[],"fullName":"User Update Update Updating a user with an empty string last name is not supported","location":null,"status":"passed","title":"Updating a user with an empty string last name is not supported"},{"ancestorTitles":["User Update","Update"],"failureMessages":[],"fullName":"User Update Update Updating a user with an empty string primary email is not supported","location":null,"status":"passed","title":"Updating a user with an empty string primary email is not supported"},{"ancestorTitles":["User Update","Update"],"failureMessages":[],"fullName":"User Update Update Updating a user with an identity with an empty issuerId is not supported","location":null,"status":"passed","title":"Updating a user with an identity with an empty issuerId is not supported"},{"ancestorTitles":["User Update","Update"],"failureMessages":[],"fullName":"User Update Update Updating a user with an identity with a missing issuerId is not supported","location":null,"status":"passed","title":"Updating a user with an identity with a missing issuerId is not supported"},{"ancestorTitles":["User Update","Update"],"failureMessages":[],"fullName":"User Update Update Updating a user with an identity with an empty subject is not supported","location":null,"status":"passed","title":"Updating a user with an identity with an empty subject is not supported"},{"ancestorTitles":["User Update","Update"],"failureMessages":[],"fullName":"User Update Update Updating a user with an identity with a missing subject is not supported","location":null,"status":"passed","title":"Updating a user with an identity with a missing subject is not supported"},{"ancestorTitles":["User Update","Update"],"failureMessages":[],"fullName":"User Update Update Updating a user with access with an empty action is not supported","location":null,"status":"passed","title":"Updating a user with access with an empty action is not supported"},{"ancestorTitles":["User Update","Update"],"failureMessages":[],"fullName":"User Update Update Updating a user with access with a missing action is not supported","location":null,"status":"passed","title":"Updating a user with access with a missing action is not supported"},{"ancestorTitles":["User Update","Update"],"failureMessages":[],"fullName":"User Update Update Updating a user with access with an empty resource is not supported","location":null,"status":"passed","title":"Updating a user with access with an empty resource is not supported"},{"ancestorTitles":["User Update","Update"],"failureMessages":[],"fullName":"User Update Update Updating a user with access with a missing resource is not supported","location":null,"status":"passed","title":"Updating a user with access with a missing resource is not supported"},{"ancestorTitles":["User Update","Update"],"failureMessages":[],"fullName":"User Update Update Updating a user with access with no allow is not supported","location":null,"status":"passed","title":"Updating a user with access with no allow is not supported"},{"ancestorTitles":["User Update","Update"],"failureMessages":[],"fullName":"User Update Update Updating a user with access with an empty allow array is supported","location":null,"status":"passed","title":"Updating a user with access with an empty allow array is supported"},{"ancestorTitles":["User Update","Update"],"failureMessages":[],"fullName":"User Update Update Updating a user with identities with an empty array is supported","location":null,"status":"passed","title":"Updating a user with identities with an empty array is supported"},{"ancestorTitles":["User Update","Update"],"failureMessages":[],"fullName":"User Update Update Updating a user with a malformed account id should return an error","location":null,"status":"passed","title":"Updating a user with a malformed account id should return an error"},{"ancestorTitles":["User Update","Update"],"failureMessages":[],"fullName":"User Update Update Updating a user with a non-existing account non-existing account should return an error","location":null,"status":"passed","title":"Updating a user with a non-existing account non-existing account should return an error"}],"endTime":1631666519199,"message":"","name":"/Users/matthew/code/q5/api/function-api/test/v1/user.update.test.ts","startTime":1631666330745,"status":"passed","summary":""},{"assertionResults":[{"ancestorTitles":["User List","List"],"failureMessages":[],"fullName":"User List List Listing all users should return users","location":null,"status":"passed","title":"Listing all users should return users"},{"ancestorTitles":["User List","List"],"failureMessages":[],"fullName":"User List List Listing all users does not return identities and access by default","location":null,"status":"passed","title":"Listing all users does not return identities and access by default"},{"ancestorTitles":["User List","List"],"failureMessages":[],"fullName":"User List List Listing all users does return identities and access if include=all","location":null,"status":"passed","title":"Listing all users does return identities and access if include=all"},{"ancestorTitles":["User List","List"],"failureMessages":[],"fullName":"User List List Listing all users filtered by first name should return only filtered users","location":null,"status":"passed","title":"Listing all users filtered by first name should return only filtered users"},{"ancestorTitles":["User List","List"],"failureMessages":[],"fullName":"User List List Listing all users filtered by last name should return only filtered users","location":null,"status":"passed","title":"Listing all users filtered by last name should return only filtered users"},{"ancestorTitles":["User List","List"],"failureMessages":[],"fullName":"User List List Listing all users filtered by first and last name should return only filtered users","location":null,"status":"passed","title":"Listing all users filtered by first and last name should return only filtered users"},{"ancestorTitles":["User List","List"],"failureMessages":[],"fullName":"User List List Listing all users filtered by email should return only filtered users","location":null,"status":"passed","title":"Listing all users filtered by email should return only filtered users"},{"ancestorTitles":["User List","List"],"failureMessages":[],"fullName":"User List List Listing all users filtered by name and email should return only filtered users","location":null,"status":"passed","title":"Listing all users filtered by name and email should return only filtered users"},{"ancestorTitles":["User List","List"],"failureMessages":[],"fullName":"User List List Listing all users filtered by issuerId should return only exact matches","location":null,"status":"passed","title":"Listing all users filtered by issuerId should return only exact matches"},{"ancestorTitles":["User List","List"],"failureMessages":[],"fullName":"User List List Listing all users filtered by issuerId and subject should return only exact matches","location":null,"status":"passed","title":"Listing all users filtered by issuerId and subject should return only exact matches"},{"ancestorTitles":["User List","List"],"failureMessages":[],"fullName":"User List List Listing all users with a count and next should work","location":null,"status":"passed","title":"Listing all users with a count and next should work"},{"ancestorTitles":["User List","List"],"failureMessages":[],"fullName":"User List List Listing all users with a count of 0 should use default count","location":null,"status":"passed","title":"Listing all users with a count of 0 should use default count"},{"ancestorTitles":["User List","List"],"failureMessages":[],"fullName":"User List List Listing all users with a negative count should return an error","location":null,"status":"passed","title":"Listing all users with a negative count should return an error"},{"ancestorTitles":["User List","List"],"failureMessages":[],"fullName":"User List List Listing all users with an overly large count should use default max count","location":null,"status":"passed","title":"Listing all users with an overly large count should use default max count"},{"ancestorTitles":["User List","List"],"failureMessages":[],"fullName":"User List List Listing all users filtered by subject without issuerId should return an error","location":null,"status":"passed","title":"Listing all users filtered by subject without issuerId should return an error"},{"ancestorTitles":["User List","List"],"failureMessages":[],"fullName":"User List List Listing users with a malformed account should return an error","location":null,"status":"passed","title":"Listing users with a malformed account should return an error"},{"ancestorTitles":["User List","List"],"failureMessages":[],"fullName":"User List List Listing users with a non-existing account should return an error","location":null,"status":"passed","title":"Listing users with a non-existing account should return an error"}],"endTime":1631666568451,"message":"","name":"/Users/matthew/code/q5/api/function-api/test/v1/user.list.test.ts","startTime":1631666498849,"status":"passed","summary":""},{"assertionResults":[{"ancestorTitles":["Client Update","Update"],"failureMessages":[],"fullName":"Client Update Update Updating a client with a display name and an existing display name should be supported","location":null,"status":"passed","title":"Updating a client with a display name and an existing display name should be supported"},{"ancestorTitles":["Client Update","Update"],"failureMessages":[],"fullName":"Client Update Update Updating a client with a display name and no existing display name should be supported","location":null,"status":"passed","title":"Updating a client with a display name and no existing display name should be supported"},{"ancestorTitles":["Client Update","Update"],"failureMessages":[],"fullName":"Client Update Update Updating a client with a display name should not alter other fields","location":null,"status":"passed","title":"Updating a client with a display name should not alter other fields"},{"ancestorTitles":["Client Update","Update"],"failureMessages":[],"fullName":"Client Update Update Updating a client with an identity and an existing identity should be supported","location":null,"status":"passed","title":"Updating a client with an identity and an existing identity should be supported"},{"ancestorTitles":["Client Update","Update"],"failureMessages":[],"fullName":"Client Update Update Updating a client with an identity and no existing identity should be supported","location":null,"status":"passed","title":"Updating a client with an identity and no existing identity should be supported"},{"ancestorTitles":["Client Update","Update"],"failureMessages":[],"fullName":"Client Update Update Updating a client with an identity should not alter other fields","location":null,"status":"passed","title":"Updating a client with an identity should not alter other fields"},{"ancestorTitles":["Client Update","Update"],"failureMessages":[],"fullName":"Client Update Update Updating a client with an existing identity should return an error","location":null,"status":"passed","title":"Updating a client with an existing identity should return an error"},{"ancestorTitles":["Client Update","Update"],"failureMessages":[],"fullName":"Client Update Update Updating a client with access should normalize resource ","location":null,"status":"passed","title":"Updating a client with access should normalize resource "},{"ancestorTitles":["Client Update","Update"],"failureMessages":[],"fullName":"Client Update Update Updating a client with access and existing access should be supported","location":null,"status":"passed","title":"Updating a client with access and existing access should be supported"},{"ancestorTitles":["Client Update","Update"],"failureMessages":[],"fullName":"Client Update Update Updating a client with access and no existing access should be supported","location":null,"status":"passed","title":"Updating a client with access and no existing access should be supported"},{"ancestorTitles":["Client Update","Update"],"failureMessages":[],"fullName":"Client Update Update Updating a client with an access should not alter other fields","location":null,"status":"passed","title":"Updating a client with an access should not alter other fields"},{"ancestorTitles":["Client Update","Update"],"failureMessages":[],"fullName":"Client Update Update Updating a client with the id in the body should be supported","location":null,"status":"passed","title":"Updating a client with the id in the body should be supported"},{"ancestorTitles":["Client Update","Update"],"failureMessages":[],"fullName":"Client Update Update Updating a client with an id in the body that does not match the url returns an error","location":null,"status":"passed","title":"Updating a client with an id in the body that does not match the url returns an error"},{"ancestorTitles":["Client Update","Update"],"failureMessages":[],"fullName":"Client Update Update Updating a client with an empty string display name is not supported","location":null,"status":"passed","title":"Updating a client with an empty string display name is not supported"},{"ancestorTitles":["Client Update","Update"],"failureMessages":[],"fullName":"Client Update Update Updating a client with an identity with an empty issuerId is not supported","location":null,"status":"passed","title":"Updating a client with an identity with an empty issuerId is not supported"},{"ancestorTitles":["Client Update","Update"],"failureMessages":[],"fullName":"Client Update Update Updating a client with an identity with a missing issuerId is not supported","location":null,"status":"passed","title":"Updating a client with an identity with a missing issuerId is not supported"},{"ancestorTitles":["Client Update","Update"],"failureMessages":[],"fullName":"Client Update Update Updating a client with an identity with an empty subject is not supported","location":null,"status":"passed","title":"Updating a client with an identity with an empty subject is not supported"},{"ancestorTitles":["Client Update","Update"],"failureMessages":[],"fullName":"Client Update Update Updating a client with an identity with a missing subject is not supported","location":null,"status":"passed","title":"Updating a client with an identity with a missing subject is not supported"},{"ancestorTitles":["Client Update","Update"],"failureMessages":[],"fullName":"Client Update Update Updating a client with access with an empty action is not supported","location":null,"status":"passed","title":"Updating a client with access with an empty action is not supported"},{"ancestorTitles":["Client Update","Update"],"failureMessages":[],"fullName":"Client Update Update Updating a client with access with a missing action is not supported","location":null,"status":"passed","title":"Updating a client with access with a missing action is not supported"},{"ancestorTitles":["Client Update","Update"],"failureMessages":[],"fullName":"Client Update Update Updating a client with access with an empty resource is not supported","location":null,"status":"passed","title":"Updating a client with access with an empty resource is not supported"},{"ancestorTitles":["Client Update","Update"],"failureMessages":[],"fullName":"Client Update Update Updating a client with access with a missing resource is not supported","location":null,"status":"passed","title":"Updating a client with access with a missing resource is not supported"},{"ancestorTitles":["Client Update","Update"],"failureMessages":[],"fullName":"Client Update Update Updating a client with access with no allow is not supported","location":null,"status":"passed","title":"Updating a client with access with no allow is not supported"},{"ancestorTitles":["Client Update","Update"],"failureMessages":[],"fullName":"Client Update Update Updating a client with access with an empty allow array is supported","location":null,"status":"passed","title":"Updating a client with access with an empty allow array is supported"},{"ancestorTitles":["Client Update","Update"],"failureMessages":[],"fullName":"Client Update Update Updating a client with identities with an empty array is supported","location":null,"status":"passed","title":"Updating a client with identities with an empty array is supported"},{"ancestorTitles":["Client Update","Update"],"failureMessages":[],"fullName":"Client Update Update Updating a client with a malformed account should return an error","location":null,"status":"passed","title":"Updating a client with a malformed account should return an error"},{"ancestorTitles":["Client Update","Update"],"failureMessages":[],"fullName":"Client Update Update Updating a client with a non-existing account should return an error","location":null,"status":"passed","title":"Updating a client with a non-existing account should return an error"}],"endTime":1631666577595,"message":"","name":"/Users/matthew/code/q5/api/function-api/test/v1/client.update.test.ts","startTime":1631666464875,"status":"passed","summary":""},{"assertionResults":[{"ancestorTitles":["Execution Async"],"failureMessages":[],"fullName":"Execution Async hello, world succeeds on node 10","location":null,"status":"passed","title":"hello, world succeeds on node 10"},{"ancestorTitles":["Execution Async"],"failureMessages":[],"fullName":"Execution Async function with module succeeds on node 10","location":null,"status":"passed","title":"function with module succeeds on node 10"},{"ancestorTitles":["Execution Async"],"failureMessages":[": Timeout - Async callback was not invoked within the 5000ms timeout specified by jest.setTimeout.Timeout - Async callback was not invoked within the 5000ms timeout specified by jest.setTimeout.Error: \n    at new Spec (/Users/matthew/code/q5/node_modules/jest-jasmine2/build/jasmine/Spec.js:116:22)\n    at new Spec (/Users/matthew/code/q5/node_modules/jest-jasmine2/build/setup_jest_globals.js:80:9)\n    at specFactory (/Users/matthew/code/q5/node_modules/jest-jasmine2/build/jasmine/Env.js:575:24)\n    at Env.it (/Users/matthew/code/q5/node_modules/jest-jasmine2/build/jasmine/Env.js:644:24)\n    at Env.it (/Users/matthew/code/q5/node_modules/jest-jasmine2/build/jasmineAsyncInstall.js:132:23)\n    at it (/Users/matthew/code/q5/node_modules/jest-jasmine2/build/jasmine/jasmineLight.js:93:21)\n    at Suite.<anonymous> (/Users/matthew/code/q5/api/function-api/test/v1/execution.async.test.ts:56:3)\n    at addSpecsToSuite (/Users/matthew/code/q5/node_modules/jest-jasmine2/build/jasmine/Env.js:496:51)\n    at Env.describe (/Users/matthew/code/q5/node_modules/jest-jasmine2/build/jasmine/Env.js:466:11)\n    at describe (/Users/matthew/code/q5/node_modules/jest-jasmine2/build/jasmine/jasmineLight.js:81:18)"],"fullName":"Execution Async function context APIs work as expected","location":null,"status":"failed","title":"function context APIs work as expected"},{"ancestorTitles":["Execution Async"],"failureMessages":["Error: \u001b[2mexpect(\u001b[22m\u001b[31mreceived\u001b[39m\u001b[2m).\u001b[22mtoMatchObject\u001b[2m(\u001b[22m\u001b[32mexpected\u001b[39m\u001b[2m)\u001b[22m\n\n\u001b[32m- Expected\u001b[39m\n\u001b[31m+ Received\u001b[39m\n\n\u001b[2m  Object {\u001b[22m\n\u001b[2m    \"body\": Object {\u001b[22m\n\u001b[2m      \"somedata\": \"inthebody\",\u001b[22m\n\u001b[2m    },\u001b[22m\n\u001b[32m-   \"boundaryId\": \"test-execution-async-97-46660613\",\u001b[39m\n\u001b[32m-   \"configuration\": ObjectContaining {\u001b[39m\n\u001b[31m+   \"boundaryId\": \"test-execution-async-56-245012076\",\u001b[39m\n\u001b[31m+   \"configuration\": Object {\u001b[39m\n\u001b[31m+     \"AWS_ACCESS_KEY_ID\": \"ASIA25EQX3SU7MEJPSU2\",\u001b[39m\n\u001b[31m+     \"AWS_DEFAULT_REGION\": \"us-east-2\",\u001b[39m\n\u001b[31m+     \"AWS_EXECUTION_ENV\": \"AWS_Lambda_nodejs14.x\",\u001b[39m\n\u001b[31m+     \"AWS_LAMBDA_FUNCTION_MEMORY_SIZE\": \"128\",\u001b[39m\n\u001b[31m+     \"AWS_LAMBDA_FUNCTION_NAME\": \"0999f7d3d3daacbd9ec438217fbbd594e1ac12fc\",\u001b[39m\n\u001b[31m+     \"AWS_LAMBDA_FUNCTION_VERSION\": \"1\",\u001b[39m\n\u001b[31m+     \"AWS_LAMBDA_INITIALIZATION_TYPE\": \"on-demand\",\u001b[39m\n\u001b[31m+     \"AWS_LAMBDA_LOG_GROUP_NAME\": \"/aws/lambda/0999f7d3d3daacbd9ec438217fbbd594e1ac12fc\",\u001b[39m\n\u001b[31m+     \"AWS_LAMBDA_LOG_STREAM_NAME\": \"2021/09/15/[1]ed9509deae9945e29a85e3f3d28329d1\",\u001b[39m\n\u001b[31m+     \"AWS_LAMBDA_RUNTIME_API\": \"127.0.0.1:9001\",\u001b[39m\n\u001b[31m+     \"AWS_REGION\": \"us-east-2\",\u001b[39m\n\u001b[31m+     \"AWS_SECRET_ACCESS_KEY\": \"2ROezOctNLqcRGZg6MwaDNsu5k7ZvV+NMnLXZ8XH\",\u001b[39m\n\u001b[31m+     \"AWS_SESSION_TOKEN\": \"IQoJb3JpZ2luX2VjEPn//////////wEaCXVzLWVhc3QtMiJHMEUCIQCI/tRV0975RFl07Lswpvnq/euSFmxXZrrmjdW0PciXqgIgQajT5Yw/7PWC41DUthI4RXXEl24NhgzQwEYYbVS9Z9UqrQIIUhACGgw3NDk3NzUzNDY4NTciDGXYamA1gJY88ERy4CqKAtRQ+r00wBNiGv/6auxWobnnNCh+9F8xusQC2Zma2jgl1gA08NEBl1E6z1aNvOUihX20pYRexQqWST8hm+3iUakwFrv9t9XcVP9zPSR16mVpv3ziVmf+dVucbnPHTHoq1PGxdR4OmE4fg+p8Qjtoe3OD2vLT7y+fEbGR4TkzEsWCsSgHDtitZYfo9CisU5hUGjwUttv4jg8Ceis/TU3StJ07AZwQ+7/vTrct865esD2iAdn6oocHzeY303sk9EUmoTepAvOMeSFQuEiPCdCwcEuXeb+Md/1H3ickOsODWuf/YITgUbEswsKRG6jmD0sf+vt8gh1m+5X0hUxvQ50hMb/wRRhhnW0EVx5TMOyChYoGOpoBZYhDQcM9FRik0/zj0btAR80zy754sOgbdO5Lb7tPNTLd81vllAqZ6q182vi62Bua8EgK2hL5cwYLz8rfhnXpcazej3y8BAYrqwmrvNDY6oC/tMlbBMKrRi6JnA1xs0TTheMs5rDFErzgaW991ELFAV0aZRlxiNtR8GEX+OVU5X2LtrCxUAjjZRzk/SdHDuuUr0f3+grIcOFCUA==\",\u001b[39m\n\u001b[31m+     \"AWS_XRAY_CONTEXT_MISSING\": \"LOG_ERROR\",\u001b[39m\n\u001b[31m+     \"AWS_XRAY_DAEMON_ADDRESS\": \"169.254.79.2:2000\",\u001b[39m\n\u001b[2m      \"FOO\": \"bar\",\u001b[22m\n\u001b[31m+     \"LAMBDA_RUNTIME_DIR\": \"/var/runtime\",\u001b[39m\n\u001b[31m+     \"LAMBDA_TASK_ROOT\": \"/var/task\",\u001b[39m\n\u001b[31m+     \"LANG\": \"en_US.UTF-8\",\u001b[39m\n\u001b[31m+     \"LD_LIBRARY_PATH\": \"/var/lang/lib:/lib64:/usr/lib64:/var/runtime:/var/runtime/lib:/var/task:/var/task/lib:/opt/lib\",\u001b[39m\n\u001b[31m+     \"NODE_PATH\": \"/opt/nodejs/node14/node_modules:/opt/nodejs/node_modules:/var/runtime/node_modules:/var/runtime:/var/task\",\u001b[39m\n\u001b[31m+     \"PATH\": \"/var/lang/bin:/usr/local/bin:/usr/bin/:/bin:/opt/bin\",\u001b[39m\n\u001b[31m+     \"PWD\": \"/var/task\",\u001b[39m\n\u001b[31m+     \"Q5_LOGS_BUFFER_INTERVAL\": \"100\",\u001b[39m\n\u001b[31m+     \"Q5_LOGS_MAX_BUFFER\": \"100\",\u001b[39m\n\u001b[31m+     \"SHLVL\": \"0\",\u001b[39m\n\u001b[31m+     \"TZ\": \":UTC\",\u001b[39m\n\u001b[31m+     \"_AWS_XRAY_DAEMON_ADDRESS\": \"169.254.79.2\",\u001b[39m\n\u001b[31m+     \"_AWS_XRAY_DAEMON_PORT\": \"2000\",\u001b[39m\n\u001b[31m+     \"_HANDLER\": \"executor.execute\",\u001b[39m\n\u001b[31m+     \"_X_AMZN_TRACE_ID\": \"Root=1-6141416c-06091cee03943c5a5a0aace0;Parent=1726c35b0d2b6ce9;Sampled=0\",\u001b[39m\n\u001b[2m    },\u001b[22m\n\u001b[2m    \"functionId\": \"test-function-1\",\u001b[22m\n\u001b[32m-   \"headers\": Any<Object>,\u001b[39m\n\u001b[31m+   \"headers\": Object {\u001b[39m\n\u001b[31m+     \"accept\": \"application/json, text/plain, */*\",\u001b[39m\n\u001b[31m+     \"connection\": \"close\",\u001b[39m\n\u001b[31m+     \"content-length\": \"24\",\u001b[39m\n\u001b[31m+     \"content-type\": \"application/json;charset=utf-8\",\u001b[39m\n\u001b[31m+     \"host\": \"bright-grasshopper-42.tunnel.dev.fusebit.io\",\u001b[39m\n\u001b[31m+     \"user-agent\": \"axios/0.21.1\",\u001b[39m\n\u001b[31m+   },\u001b[39m\n\u001b[2m    \"method\": \"POST\",\u001b[22m\n\u001b[32m-   \"query\": Any<Object>,\u001b[39m\n\u001b[31m+   \"query\": Object {},\u001b[39m\n\u001b[2m  }\u001b[22m \n\nfailing request:\n200 POST https://bright-grasshopper-42.tunnel.dev.fusebit.io/v1/run/sub-695bd91985574f01/test-execution-async-56-245012076/test-function-1 - headers: {\n  \"server\": \"nginx/1.16.1\",\n  \"date\": \"Wed, 15 Sep 2021 00:42:20 GMT\",\n  \"content-type\": \"application/json; charset=utf-8\",\n  \"content-length\": \"2965\",\n  \"connection\": \"keep-alive\",\n  \"x-powered-by\": \"Express\",\n  \"access-control-allow-origin\": \"*\",\n  \"access-control-allow-credentials\": \"true\",\n  \"access-control-expose-headers\": \"x-fx-logs,x-fx-response-source,content-length\",\n  \"x-fx-response-source\": \"function\",\n  \"x-fx-logs\": \"TGFzdCBleGVjdXRpb24gdG9vayA3Ljg0IG1zIGFuZCB1c2VkIDY1IE1CIG9mIG1lbW9yeS4=\",\n  \"etag\": \"W/\\\"b95-on8YXZOL/+P89+JseOidB605ckE\\\"\"\n} - data: {\n  \"accountId\": \"acc-657e7fe7f3044b91\",\n  \"subscriptionId\": \"sub-695bd91985574f01\",\n  \"boundaryId\": \"test-execution-async-56-245012076\",\n  \"functionId\": \"test-function-1\",\n  \"baseUrl\": \"https://bright-grasshopper-42.tunnel.dev.fusebit.io/v1/run/sub-695bd91985574f01/test-execution-async-56-245012076/test-function-1\",\n  \"method\": \"POST\",\n  \"url\": \"/run/sub-695bd91985574f01/test-execution-async-56-245012076/test-function-1\",\n  \"body\": {\n    \"somedata\": \"inthebody\"\n  },\n  \"headers\": {\n    \"host\": \"bright-grasshopper-42.tunnel.dev.fusebit.io\",\n    \"connection\": \"close\",\n    \"content-length\": \"24\",\n    \"accept\": \"application/json, text/plain, */*\",\n    \"content-type\": \"application/json;charset=utf-8\",\n    \"user-agent\": \"axios/0.21.1\"\n  },\n  \"query\": {},\n  \"fusebit\": {\n    \"endpoint\": \"https://bright-grasshopper-42.tunnel.dev.fusebit.io\"\n  },\n  \"caller\": {},\n  \"path\": \"/\",\n  \"configuration\": {\n    \"AWS_LAMBDA_FUNCTION_VERSION\": \"1\",\n    \"FOO\": \"bar\",\n    \"AWS_SESSION_TOKEN\": \"IQoJb3JpZ2luX2VjEPn//////////wEaCXVzLWVhc3QtMiJHMEUCIQCI/tRV0975RFl07Lswpvnq/euSFmxXZrrmjdW0PciXqgIgQajT5Yw/7PWC41DUthI4RXXEl24NhgzQwEYYbVS9Z9UqrQIIUhACGgw3NDk3NzUzNDY4NTciDGXYamA1gJY88ERy4CqKAtRQ+r00wBNiGv/6auxWobnnNCh+9F8xusQC2Zma2jgl1gA08NEBl1E6z1aNvOUihX20pYRexQqWST8hm+3iUakwFrv9t9XcVP9zPSR16mVpv3ziVmf+dVucbnPHTHoq1PGxdR4OmE4fg+p8Qjtoe3OD2vLT7y+fEbGR4TkzEsWCsSgHDtitZYfo9CisU5hUGjwUttv4jg8Ceis/TU3StJ07AZwQ+7/vTrct865esD2iAdn6oocHzeY303sk9EUmoTepAvOMeSFQuEiPCdCwcEuXeb+Md/1H3ickOsODWuf/YITgUbEswsKRG6jmD0sf+vt8gh1m+5X0hUxvQ50hMb/wRRhhnW0EVx5TMOyChYoGOpoBZYhDQcM9FRik0/zj0btAR80zy754sOgbdO5Lb7tPNTLd81vllAqZ6q182vi62Bua8EgK2hL5cwYLz8rfhnXpcazej3y8BAYrqwmrvNDY6oC/tMlbBMKrRi6JnA1xs0TTheMs5rDFErzgaW991ELFAV0aZRlxiNtR8GEX+OVU5X2LtrCxUAjjZRzk/SdHDuuUr0f3+grIcOFCUA==\",\n    \"LD_LIBRARY_PATH\": \"/var/lang/lib:/lib64:/usr/lib64:/var/runtime:/var/runtime/lib:/var/task:/var/task/lib:/opt/lib\",\n    \"LAMBDA_TASK_ROOT\": \"/var/task\",\n    \"AWS_LAMBDA_LOG_GROUP_NAME\": \"/aws/lambda/0999f7d3d3daacbd9ec438217fbbd594e1ac12fc\",\n    \"AWS_LAMBDA_RUNTIME_API\": \"127.0.0.1:9001\",\n    \"AWS_LAMBDA_LOG_STREAM_NAME\": \"2021/09/15/[1]ed9509deae9945e29a85e3f3d28329d1\",\n    \"AWS_EXECUTION_ENV\": \"AWS_Lambda_nodejs14.x\",\n    \"AWS_XRAY_DAEMON_ADDRESS\": \"169.254.79.2:2000\",\n    \"AWS_LAMBDA_FUNCTION_NAME\": \"0999f7d3d3daacbd9ec438217fbbd594e1ac12fc\",\n    \"PATH\": \"/var/lang/bin:/usr/local/bin:/usr/bin/:/bin:/opt/bin\",\n    \"Q5_LOGS_MAX_BUFFER\": \"100\",\n    \"AWS_DEFAULT_REGION\": \"us-east-2\",\n    \"PWD\": \"/var/task\",\n    \"AWS_SECRET_ACCESS_KEY\": \"2ROezOctNLqcRGZg6MwaDNsu5k7ZvV+NMnLXZ8XH\",\n    \"LAMBDA_RUNTIME_DIR\": \"/var/runtime\",\n    \"LANG\": \"en_US.UTF-8\",\n    \"AWS_LAMBDA_INITIALIZATION_TYPE\": \"on-demand\",\n    \"NODE_PATH\": \"/opt/nodejs/node14/node_modules:/opt/nodejs/node_modules:/var/runtime/node_modules:/var/runtime:/var/task\",\n    \"TZ\": \":UTC\",\n    \"AWS_REGION\": \"us-east-2\",\n    \"AWS_ACCESS_KEY_ID\": \"ASIA25EQX3SU7MEJPSU2\",\n    \"SHLVL\": \"0\",\n    \"_AWS_XRAY_DAEMON_ADDRESS\": \"169.254.79.2\",\n    \"_AWS_XRAY_DAEMON_PORT\": \"2000\",\n    \"Q5_LOGS_BUFFER_INTERVAL\": \"100\",\n    \"AWS_XRAY_CONTEXT_MISSING\": \"LOG_ERROR\",\n    \"_HANDLER\": \"executor.execute\",\n    \"AWS_LAMBDA_FUNCTION_MEMORY_SIZE\": \"128\",\n    \"_X_AMZN_TRACE_ID\": \"Root=1-6141416c-06091cee03943c5a5a0aace0;Parent=1726c35b0d2b6ce9;Sampled=0\"\n  }\n} - account: {\"accountId\":\"acc-657e7fe7f3044b91\",\"subscriptionId\":\"sub-695bd91985574f01\",\"audience\":\"http://localhost:3001\",\"baseUrl\":\"http://localhost:3001\",\"accessToken\":\"eyJhbGciOiJSUzI1NiIsInR5cCI6IkpXVCIsImtpZCI6IjcyNzdhNjBjIiwiand0SWQiOiI3NDc4MGYxZjMxODM0N2VhOTRhMjU3MjMwZWQxMmFmNyJ9.eyJpYXQiOjE2MzE2NjY1MjEsImV4cCI6MTYzMTY3MzcyMSwiYXVkIjoiaHR0cDovL2xvY2FsaG9zdDozMDAxIiwiaXNzIjoiOTFkYmY2ZDAudXNyLWM5NzlmMmRlZjhhZjRhOTcuY2ljZC51cy1lYXN0LTIuZGV2LmZ1c2ViaXQuaW8iLCJzdWIiOiJjbGktYmNhYmU0NGMifQ.S6MrBB2TFdpGXuw57oc34gXDCqv7HMaCX6nk825m9JxpZ4MhqBL_gKueGcO9zjs8uxXP44wbG76RdVYrOIZgGCWFp5QLqf3DfTGc4mhZm7A7aAEhTECi5HWsiq0ggGqCEhT8DJtgIB60NL8TcpyDUo3CvGFeKoqSWfAsKYlfdc-H6sezjqKd0xsVlsMDFwrNNjn4vPTb7c0SlqqzGc9tYCh_phr24I3i09lg5Ekh0kGV_6xhHGbx5v5GTvaScWQ32xHAcgFFD3XkFF6DmGpUKy9t6COiY1uSn2_BWZC9gmh_PO7yBXqp5TfVW76ALALY_dZw9GsU3o7C783laHdCKg8sI8sFM0XKjRXhJ1-tdu5rLEH2tOSUC9iIJ7KtfGcmtRyG7Tdx6gY6l3Puq0oLo68LSihs-nlHSUg4aKKwpTrMYzE7aTaVuexUGgqnljPv2-KA31oDqm5jzxC8V4rUa8wdBZQ3gKJV5q9nZtewxahQDA0Onb20JQU-5ERyp_SdEMYnBy-VIdzcxW7bPfBTkGnFUUjI1_tYBzpS6KY2R3FWCe44gMYNZZPYgwEhOBuRUZ4vNWdKSjPK921SNPY2auFeyIP-_mr79zmae6wz4nyq-EH4uL8GOCbFxCHmq9zC1xBz1SxCC1V087nM0CELrVdAFnxKL9vKggifgEiTP28\",\"userAgent\":\"fusebit-test\"}\n    at Object.<anonymous> (/Users/matthew/code/q5/api/function-api/test/v1/execution.async.test.ts:77:22)\n    at processTicksAndRejections (internal/process/task_queues.js:95:5)"],"fullName":"Execution Async function can set response status code","location":null,"status":"failed","title":"function can set response status code"},{"ancestorTitles":["Execution Async"],"failureMessages":[],"fullName":"Execution Async function can set response headers","location":null,"status":"passed","title":"function can set response headers"},{"ancestorTitles":["Execution Async"],"failureMessages":[],"fullName":"Execution Async function without response payload returns empty response","location":null,"status":"passed","title":"function without response payload returns empty response"},{"ancestorTitles":["Execution Async"],"failureMessages":[],"fullName":"Execution Async function with empty response payload returns empty response","location":null,"status":"passed","title":"function with empty response payload returns empty response"},{"ancestorTitles":["Execution Async"],"failureMessages":[],"fullName":"Execution Async function with module dependency can load the module","location":null,"status":"passed","title":"function with module dependency can load the module"},{"ancestorTitles":["Execution Async"],"failureMessages":[],"fullName":"Execution Async function with syntax error fails","location":null,"status":"passed","title":"function with syntax error fails"},{"ancestorTitles":["Execution Async"],"failureMessages":[],"fullName":"Execution Async function with global exception fails","location":null,"status":"passed","title":"function with global exception fails"},{"ancestorTitles":["Execution Async"],"failureMessages":[],"fullName":"Execution Async function with synchronous exception fails","location":null,"status":"passed","title":"function with synchronous exception fails"},{"ancestorTitles":["Execution Async"],"failureMessages":[],"fullName":"Execution Async function with callback exception fails","location":null,"status":"passed","title":"function with callback exception fails"},{"ancestorTitles":["Execution Async"],"failureMessages":[],"fullName":"Execution Async function with async exception fails","location":null,"status":"passed","title":"function with async exception fails"},{"ancestorTitles":["Execution Async"],"failureMessages":[],"fullName":"Execution Async function with payload below limit succeeds","location":null,"status":"passed","title":"function with payload below limit succeeds"},{"ancestorTitles":["Execution Async"],"failureMessages":[],"fullName":"Execution Async function with payload above limit fails","location":null,"status":"passed","title":"function with payload above limit fails"},{"ancestorTitles":["Execution Async"],"failureMessages":[],"fullName":"Execution Async function with wrong signature fails","location":null,"status":"passed","title":"function with wrong signature fails"}],"endTime":1631666613720,"message":"\u001b[1m\u001b[31m  \u001b[1m● \u001b[1mExecution Async › function context APIs work as expected\u001b[39m\u001b[22m\n\n    : Timeout - Async callback was not invoked within the 5000ms timeout specified by jest.setTimeout.Timeout - Async callback was not invoked within the 5000ms timeout specified by jest.setTimeout.Error:\n\u001b[2m\u001b[22m\n\u001b[2m    \u001b[0m \u001b[90m 54 | \u001b[39m  }\u001b[33m,\u001b[39m \u001b[35m15000\u001b[39m)\u001b[33m;\u001b[39m\u001b[0m\u001b[22m\n\u001b[2m    \u001b[0m \u001b[90m 55 | \u001b[39m\u001b[0m\u001b[22m\n\u001b[2m    \u001b[0m\u001b[31m\u001b[1m>\u001b[2m\u001b[39m\u001b[90m 56 | \u001b[39m  test(\u001b[32m'function context APIs work as expected'\u001b[39m\u001b[33m,\u001b[39m async () \u001b[33m=>\u001b[39m {\u001b[0m\u001b[22m\n\u001b[2m    \u001b[0m \u001b[90m    | \u001b[39m  \u001b[31m\u001b[1m^\u001b[2m\u001b[39m\u001b[0m\u001b[22m\n\u001b[2m    \u001b[0m \u001b[90m 57 | \
[...]
zGbAZ0KWvJTMraOoIinjlxkZIZpgYlSduXzsRbWCkLelowAm8R6zDNV6Rv2T4Mt2A6vOq0KeEB7_1jXYaQmO0Wz0BQTN-VbqfB4ZsnbUpXYlGrZOq4pMmm26l0B7LfskWm7MY7lyV6Slp5EkpxDg2ZEMY8ZfIxRUffngnMXXa6oUwvoWbHkNsNHHvtIchK4LV2Ev9rz8TrQww7AtA\",\"userAgent\":\"fusebit-test\"}\n\u001b[2m\u001b[22m\n\u001b[2m    \u001b[0m \u001b[90m 620 | \u001b[39m  test(\u001b[32m'Entity Empty POST'\u001b[39m\u001b[33m,\u001b[39m async () \u001b[33m=>\u001b[39m {\u001b[0m\u001b[22m\n\u001b[2m    \u001b[0m \u001b[90m 621 | \u001b[39m    \u001b[36mconst\u001b[39m createResponse \u001b[33m=\u001b[39m await \u001b[33mApiRequestMap\u001b[39m[testEntityType]\u001b[33m.\u001b[39mpost(account\u001b[33m,\u001b[39m boundaryId)\u001b[33m;\u001b[39m\u001b[0m\u001b[22m\n\u001b[2m    \u001b[0m\u001b[31m\u001b[1m>\u001b[2m\u001b[39m\u001b[90m 622 | \u001b[39m    expect(createResponse)\u001b[33m.\u001b[39mtoBeHttp({ statusCode\u001b[33m:\u001b[39m \u001b[35m400\u001b[39m })\u001b[33m;\u001b[39m\u001b[0m\u001b[22m\n\u001b[2m    \u001b[0m \u001b[90m     | \u001b[39m                           \u001b[31m\u001b[1m^\u001b[2m\u001b[39m\u001b[0m\u001b[22m\n\u001b[2m    \u001b[0m \u001b[90m 623 | \u001b[39m  }\u001b[33m,\u001b[39m \u001b[35m180000\u001b[39m)\u001b[33m;\u001b[39m\u001b[0m\u001b[22m\n\u001b[2m    \u001b[0m \u001b[90m 624 | \u001b[39m\u001b[0m\u001b[22m\n\u001b[2m    \u001b[0m \u001b[90m 625 | \u001b[39m  test(\u001b[32m'Entity Empty POST with ID'\u001b[39m\u001b[33m,\u001b[39m async () \u001b[33m=>\u001b[39m {\u001b[0m\u001b[22m\n\u001b[2m\u001b[22m\n\u001b[2m      \u001b[2mat Object.<anonymous> (\u001b[2m\u001b[0m\u001b[36mtest/v2/crud.test.ts\u001b[39m\u001b[0m\u001b[2m:622:28)\u001b[2m\u001b[22m\n\u001b[2m          at runMicrotasks (<anonymous>)\u001b[22m\n\n\u001b[1m\u001b[31m  \u001b[1m● \u001b[1mIntegration with Data › Entity Empty POST\u001b[39m\u001b[22m\n\n    \u001b[2mexpect(\u001b[22m\u001b[31mreceived\u001b[39m\u001b[2m).\u001b[22mtoEqual\u001b[2m(\u001b[22m\u001b[32mexpected\u001b[39m\u001b[2m) // deep equality\u001b[22m\n\n    Expected: \u001b[32m400\u001b[39m\n    Received: \u001b[31m202\u001b[39m undefined\n\n    failing request:\n    202 POST http://localhost:3001/v2/account/acc-657e7fe7f3044b91/subscription/sub-695bd91985574f01/integration/test-crud-790-124030250 - headers: {\n      \"x-powered-by\": \"Express\",\n      \"access-control-allow-origin\": \"*\",\n      \"access-control-allow-credentials\": \"true\",\n      \"access-control-expose-headers\": \"x-fx-logs,x-fx-response-source,content-length\",\n      \"content-type\": \"application/json; charset=utf-8\",\n      \"content-length\": \"1115\",\n      \"etag\": \"W/\\\"45b-N2321wLQWb5WeWPC+tb9YU2KQcY\\\"\",\n      \"date\": \"Wed, 15 Sep 2021 00:50:34 GMT\",\n      \"connection\": \"keep-alive\",\n      \"keep-alive\": \"timeout=130\"\n    } - data: {\n      \"__databaseId\": 24935,\n      \"entityType\": \"integration\",\n      \"accountId\": \"acc-657e7fe7f3044b91\",\n      \"subscriptionId\": \"sub-695bd91985574f01\",\n      \"id\": \"test-crud-790-124030250\",\n      \"version\": \"7823d322-9b7f-4eb8-8232-2ffb7c3f7ae7\",\n      \"data\": {\n        \"files\": {\n          \"package.json\": \"{\\n  \\\"scripts\\\": {\\n    \\\"deploy\\\": \\\"fuse integration deploy sampleIntegration -d .\\\",\\n    \\\"get\\\": \\\"fuse integration get sampleIntegration -d .\\\"\\n  },\\n  \\\"dependencies\\\": {\\n    \\\"@fusebit-int/framework\\\": \\\"4.0.2\\\"\\n  },\\n  \\\"files\\\": [\\n    \\\"./integration.js\\\"\\n  ]\\n}\",\n          \"integration.js\": \"const { Integration } = require('@fusebit-int/framework');\\n\\nconst integration = new Integration();\\nconst router = integration.router;\\n\\nrouter.get('/api/', async (ctx) => {\\n  ctx.body = 'Hello World';\\n});\\n\\nmodule.exports = integration;\"\n        },\n        \"handler\": \"./integration\",\n        \"components\": [],\n        \"componentTags\": {},\n        \"configuration\": {}\n      },\n      \"tags\": {},\n      \"state\": \"creating\",\n      \"operationState\": {\n        \"status\": \"processing\",\n        \"message\": \"Creation of integration test-crud-790-124030250 is in progress\",\n        \"operation\": \"creating\"\n      },\n      \"dateAdded\": \"2021-09-15 00:50:34.201299\",\n      \"dateModified\": \"2021-09-15 00:50:34.201299\"\n    } - account: {\"accountId\":\"acc-657e7fe7f3044b91\",\"subscriptionId\":\"sub-695bd91985574f01\",\"audience\":\"http://localhost:3001\",\"baseUrl\":\"http://localhost:3001\",\"accessToken\":\"eyJhbGciOiJSUzI1NiIsInR5cCI6IkpXVCIsImtpZCI6IjcyNzdhNjBjIiwiand0SWQiOiI5YmI4MGU2YThhYzI0OGM3ODE3NmM1YzllM2IyMmRmNyJ9.eyJpYXQiOjE2MzE2NjYzNzQsImV4cCI6MTYzMTY3MzU3NCwiYXVkIjoiaHR0cDovL2xvY2FsaG9zdDozMDAxIiwiaXNzIjoiOTFkYmY2ZDAudXNyLWM5NzlmMmRlZjhhZjRhOTcuY2ljZC51cy1lYXN0LTIuZGV2LmZ1c2ViaXQuaW8iLCJzdWIiOiJjbGktYmNhYmU0NGMifQ.ES8_74NSerUkHfC6JeL4Entsqq86uWP5cxBBSsfQmlztI1QgBg7TL5Sal7LY8BS7ndV1cXPZoi3mGN3VmBsYhg_Qgf_uiDO3Se0OF2BhKMUBjU3Fm4qQL_SlZiNgGHGQ0lJr3KdaCMMXYYen6o2HoEDQzzENuhbiuuA6Qb4b9dx3fn0Qi0JnF_1NbPiaE3QJAOLnhYaNsotFf88XtsF3amD8eE7ujKaUlkWcHzOhLpjvtAUPyv7AEjx30iwWubFGUcMP5dvy0wMyO4CoDSHMZ-0ASr6dWDFid-gTDczAv9Jj-ZiQAkKs3AiGNFonyW5fI0GnuKAD8-SiShO2YOKSmFY_q12522K_5QyhKD_wdTNqju92MkAUYh8wUYANVc4Rio86Aomj9_FGd-c5ZO7N3bkyDj-c91PHSBWa6M0703Ah3vi6IUwsl-JWno7fv8IyrnZ4ZtzQnxdbWBS6G_ojBdsykKzGbAZ0KWvJTMraOoIinjlxkZIZpgYlSduXzsRbWCkLelowAm8R6zDNV6Rv2T4Mt2A6vOq0KeEB7_1jXYaQmO0Wz0BQTN-VbqfB4ZsnbUpXYlGrZOq4pMmm26l0B7LfskWm7MY7lyV6Slp5EkpxDg2ZEMY8ZfIxRUffngnMXXa6oUwvoWbHkNsNHHvtIchK4LV2Ev9rz8TrQww7AtA\",\"userAgent\":\"fusebit-test\"}\n\u001b[2m\u001b[22m\n\u001b[2m    \u001b[0m \u001b[90m 620 | \u001b[39m  test(\u001b[32m'Entity Empty POST'\u001b[39m\u001b[33m,\u001b[39m async () \u001b[33m=>\u001b[39m {\u001b[0m\u001b[22m\n\u001b[2m    \u001b[0m \u001b[90m 621 | \u001b[39m    \u001b[36mconst\u001b[39m createResponse \u001b[33m=\u001b[39m await \u001b[33mApiRequestMap\u001b[39m[testEntityType]\u001b[33m.\u001b[39mpost(account\u001b[33m,\u001b[39m boundaryId)\u001b[33m;\u001b[39m\u001b[0m\u001b[22m\n\u001b[2m    \u001b[0m\u001b[31m\u001b[1m>\u001b[2m\u001b[39m\u001b[90m 622 | \u001b[39m    expect(createResponse)\u001b[33m.\u001b[39mtoBeHttp({ statusCode\u001b[33m:\u001b[39m \u001b[35m400\u001b[39m })\u001b[33m;\u001b[39m\u001b[0m\u001b[22m\n\u001b[2m    \u001b[0m \u001b[90m     | \u001b[39m                           \u001b[31m\u001b[1m^\u001b[2m\u001b[39m\u001b[0m\u001b[22m\n\u001b[2m    \u001b[0m \u001b[90m 623 | \u001b[39m  }\u001b[33m,\u001b[39m \u001b[35m180000\u001b[39m)\u001b[33m;\u001b[39m\u001b[0m\u001b[22m\n\u001b[2m    \u001b[0m \u001b[90m 624 | \u001b[39m\u001b[0m\u001b[22m\n\u001b[2m    \u001b[0m \u001b[90m 625 | \u001b[39m  test(\u001b[32m'Entity Empty POST with ID'\u001b[39m\u001b[33m,\u001b[39m async () \u001b[33m=>\u001b[39m {\u001b[0m\u001b[22m\n\u001b[2m\u001b[22m\n\u001b[2m      \u001b[2mat Object.<anonymous> (\u001b[2m\u001b[0m\u001b[36mtest/v2/crud.test.ts\u001b[39m\u001b[0m\u001b[2m:622:28)\u001b[2m\u001b[22m\n\u001b[2m          at runMicrotasks (<anonymous>)\u001b[22m\n\n\u001b[1m\u001b[31m  \u001b[1m● \u001b[1mIntegration with Data › Invoke Entity Event\u001b[39m\u001b[22m\n\n    \u001b[2mexpect(\u001b[22m\u001b[31mreceived\u001b[39m\u001b[2m).\u001b[22mtoEqual\u001b[2m(\u001b[22m\u001b[32mexpected\u001b[39m\u001b[2m) // deep equality\u001b[22m\n\n    Expected: \u001b[32m200\u001b[39m\n    Received: \u001b[31m404\u001b[39m undefined\n\n    failing request:\n    404 POST http://localhost:3001/v2/account/acc-657e7fe7f3044b91/subscription/sub-695bd91985574f01/integration/test-crud-790-52112663-Test-557207437/event - headers: {\n      \"x-powered-by\": \"Express\",\n      \"access-control-allow-origin\": \"*\",\n      \"access-control-allow-credentials\": \"true\",\n      \"access-control-expose-headers\": \"x-fx-logs,x-fx-response-source,content-length\",\n      \"content-type\": \"application/json; charset=utf-8\",\n      \"content-length\": \"53\",\n      \"etag\": \"W/\\\"35-IJBCAV8txfUBeCoSyPeKLeOo0tg\\\"\",\n      \"date\": \"Wed, 15 Sep 2021 00:52:01 GMT\",\n      \"connection\": \"keep-alive\",\n      \"keep-alive\": \"timeout=130\"\n    } - data: {\n      \"status\": 404,\n      \"statusCode\": 404,\n      \"message\": \"Not Found\"\n    } - account: {\"accountId\":\"acc-657e7fe7f3044b91\",\"subscriptionId\":\"sub-695bd91985574f01\",\"audience\":\"http://localhost:3001\",\"baseUrl\":\"http://localhost:3001\",\"accessToken\":\"eyJhbGciOiJSUzI1NiIsInR5cCI6IkpXVCIsImtpZCI6IjcyNzdhNjBjIiwiand0SWQiOiI5YmI4MGU2YThhYzI0OGM3ODE3NmM1YzllM2IyMmRmNyJ9.eyJpYXQiOjE2MzE2NjYzNzQsImV4cCI6MTYzMTY3MzU3NCwiYXVkIjoiaHR0cDovL2xvY2FsaG9zdDozMDAxIiwiaXNzIjoiOTFkYmY2ZDAudXNyLWM5NzlmMmRlZjhhZjRhOTcuY2ljZC51cy1lYXN0LTIuZGV2LmZ1c2ViaXQuaW8iLCJzdWIiOiJjbGktYmNhYmU0NGMifQ.ES8_74NSerUkHfC6JeL4Entsqq86uWP5cxBBSsfQmlztI1QgBg7TL5Sal7LY8BS7ndV1cXPZoi3mGN3VmBsYhg_Qgf_uiDO3Se0OF2BhKMUBjU3Fm4qQL_SlZiNgGHGQ0lJr3KdaCMMXYYen6o2HoEDQzzENuhbiuuA6Qb4b9dx3fn0Qi0JnF_1NbPiaE3QJAOLnhYaNsotFf88XtsF3amD8eE7ujKaUlkWcHzOhLpjvtAUPyv7AEjx30iwWubFGUcMP5dvy0wMyO4CoDSHMZ-0ASr6dWDFid-gTDczAv9Jj-ZiQAkKs3AiGNFonyW5fI0GnuKAD8-SiShO2YOKSmFY_q12522K_5QyhKD_wdTNqju92MkAUYh8wUYANVc4Rio86Aomj9_FGd-c5ZO7N3bkyDj-c91PHSBWa6M0703Ah3vi6IUwsl-JWno7fv8IyrnZ4ZtzQnxdbWBS6G_ojBdsykKzGbAZ0KWvJTMraOoIinjlxkZIZpgYlSduXzsRbWCkLelowAm8R6zDNV6Rv2T4Mt2A6vOq0KeEB7_1jXYaQmO0Wz0BQTN-VbqfB4ZsnbUpXYlGrZOq4pMmm26l0B7LfskWm7MY7lyV6Slp5EkpxDg2ZEMY8ZfIxRUffngnMXXa6oUwvoWbHkNsNHHvtIchK4LV2Ev9rz8TrQww7AtA\",\"userAgent\":\"fusebit-test\"}\n\u001b[2m\u001b[22m\n\u001b[2m    \u001b[0m \u001b[90m 781 | \u001b[39m      contentType\u001b[33m:\u001b[39m \u001b[32m'application/json'\u001b[39m\u001b[33m,\u001b[39m\u001b[0m\u001b[22m\n\u001b[2m    \u001b[0m \u001b[90m 782 | \u001b[39m    })\u001b[33m;\u001b[39m\u001b[0m\u001b[22m\n\u001b[2m    \u001b[0m\u001b[31m\u001b[1m>\u001b[2m\u001b[39m\u001b[90m 783 | \u001b[39m    expect(result)\u001b[33m.\u001b[39mtoBeHttp({ statusCode\u001b[33m:\u001b[39m \u001b[35m200\u001b[39m\u001b[33m,\u001b[39m data\u001b[33m:\u001b[39m { answer\u001b[33m:\u001b[39m \u001b[32m'banana and mango'\u001b[39m } })\u001b[33m;\u001b[39m\u001b[0m\u001b[22m\n\u001b[2m    \u001b[0m \u001b[90m     | \u001b[39m                   \u001b[31m\u001b[1m^\u001b[2m\u001b[39m\u001b[0m\u001b[22m\n\u001b[2m    \u001b[0m \u001b[90m 784 | \u001b[39m  }\u001b[33m,\u001b[39m \u001b[35m180000\u001b[39m)\u001b[33m;\u001b[39m\u001b[0m\u001b[22m\n\u001b[2m    \u001b[0m \u001b[90m 785 | \u001b[39m}\u001b[33m;\u001b[39m\u001b[0m\u001b[22m\n\u001b[2m    \u001b[0m \u001b[90m 786 | \u001b[39m\u001b[0m\u001b[22m\n\u001b[2m\u001b[22m\n\u001b[2m      \u001b[2mat Object.<anonymous> (\u001b[2m\u001b[0m\u001b[36mtest/v2/crud.test.ts\u001b[39m\u001b[0m\u001b[2m:783:20)\u001b[2m\u001b[22m\n\u001b[2m          at runMicrotasks (<anonymous>)\u001b[22m\n\n\u001b[1m\u001b[31m  \u001b[1m● \u001b[1mIntegration without Data › Entity Empty POST\u001b[39m\u001b[22m\n\n    \u001b[2mexpect(\u001b[22m\u001b[31mreceived\u001b[39m\u001b[2m).\u001b[22mtoEqual\u001b[2m(\u001b[22m\u001b[32mexpected\u001b[39m\u001b[2m) // deep equality\u001b[22m\n\n    Expected: \u001b[32m400\u001b[39m\n    Received: \u001b[31m202\u001b[39m undefined\n\n    failing request:\n    202 POST http://localhost:3001/v2/account/acc-657e7fe7f3044b91/subscription/sub-695bd91985574f01/integration/test-crud-791-506741315 - headers: {\n      \"x-powered-by\": \"Express\",\n      \"access-control-allow-origin\": \"*\",\n      \"access-control-allow-credentials\": \"true\",\n      \"access-control-expose-headers\": \"x-fx-logs,x-fx-response-source,content-length\",\n      \"content-type\": \"application/json; charset=utf-8\",\n      \"content-length\": \"1115\",\n      \"etag\": \"W/\\\"45b-YXYc0EPoRZA+vL8CqwXSEDQy+lQ\\\"\",\n      \"date\": \"Wed, 15 Sep 2021 00:55:22 GMT\",\n      \"connection\": \"keep-alive\",\n      \"keep-alive\": \"timeout=130\"\n    } - data: {\n      \"__databaseId\": 25059,\n      \"entityType\": \"integration\",\n      \"accountId\": \"acc-657e7fe7f3044b91\",\n      \"subscriptionId\": \"sub-695bd91985574f01\",\n      \"id\": \"test-crud-791-506741315\",\n      \"version\": \"528565eb-16ad-493f-a2a4-0c1f5cdc7ab3\",\n      \"data\": {\n        \"files\": {\n          \"package.json\": \"{\\n  \\\"scripts\\\": {\\n    \\\"deploy\\\": \\\"fuse integration deploy sampleIntegration -d .\\\",\\n    \\\"get\\\": \\\"fuse integration get sampleIntegration -d .\\\"\\n  },\\n  \\\"dependencies\\\": {\\n    \\\"@fusebit-int/framework\\\": \\\"4.0.2\\\"\\n  },\\n  \\\"files\\\": [\\n    \\\"./integration.js\\\"\\n  ]\\n}\",\n          \"integration.js\": \"const { Integration } = require('@fusebit-int/framework');\\n\\nconst integration = new Integration();\\nconst router = integration.router;\\n\\nrouter.get('/api/', async (ctx) => {\\n  ctx.body = 'Hello World';\\n});\\n\\nmodule.exports = integration;\"\n        },\n        \"handler\": \"./integration\",\n        \"components\": [],\n        \"componentTags\": {},\n        \"configuration\": {}\n      },\n      \"tags\": {},\n      \"state\": \"creating\",\n      \"operationState\": {\n        \"status\": \"processing\",\n        \"message\": \"Creation of integration test-crud-791-506741315 is in progress\",\n        \"operation\": \"creating\"\n      },\n      \"dateAdded\": \"2021-09-15 00:55:22.882157\",\n      \"dateModified\": \"2021-09-15 00:55:22.882157\"\n    } - account: {\"accountId\":\"acc-657e7fe7f3044b91\",\"subscriptionId\":\"sub-695bd91985574f01\",\"audience\":\"http://localhost:3001\",\"baseUrl\":\"http://localhost:3001\",\"accessToken\":\"eyJhbGciOiJSUzI1NiIsInR5cCI6IkpXVCIsImtpZCI6IjcyNzdhNjBjIiwiand0SWQiOiI5YmI4MGU2YThhYzI0OGM3ODE3NmM1YzllM2IyMmRmNyJ9.eyJpYXQiOjE2MzE2NjYzNzQsImV4cCI6MTYzMTY3MzU3NCwiYXVkIjoiaHR0cDovL2xvY2FsaG9zdDozMDAxIiwiaXNzIjoiOTFkYmY2ZDAudXNyLWM5NzlmMmRlZjhhZjRhOTcuY2ljZC51cy1lYXN0LTIuZGV2LmZ1c2ViaXQuaW8iLCJzdWIiOiJjbGktYmNhYmU0NGMifQ.ES8_74NSerUkHfC6JeL4Entsqq86uWP5cxBBSsfQmlztI1QgBg7TL5Sal7LY8BS7ndV1cXPZoi3mGN3VmBsYhg_Qgf_uiDO3Se0OF2BhKMUBjU3Fm4qQL_SlZiNgGHGQ0lJr3KdaCMMXYYen6o2HoEDQzzENuhbiuuA6Qb4b9dx3fn0Qi0JnF_1NbPiaE3QJAOLnhYaNsotFf88XtsF3amD8eE7ujKaUlkWcHzOhLpjvtAUPyv7AEjx30iwWubFGUcMP5dvy0wMyO4CoDSHMZ-0ASr6dWDFid-gTDczAv9Jj-ZiQAkKs3AiGNFonyW5fI0GnuKAD8-SiShO2YOKSmFY_q12522K_5QyhKD_wdTNqju92MkAUYh8wUYANVc4Rio86Aomj9_FGd-c5ZO7N3bkyDj-c91PHSBWa6M0703Ah3vi6IUwsl-JWno7fv8IyrnZ4ZtzQnxdbWBS6G_ojBdsykKzGbAZ0KWvJTMraOoIinjlxkZIZpgYlSduXzsRbWCkLelowAm8R6zDNV6Rv2T4Mt2A6vOq0KeEB7_1jXYaQmO0Wz0BQTN-VbqfB4ZsnbUpXYlGrZOq4pMmm26l0B7LfskWm7MY7lyV6Slp5EkpxDg2ZEMY8ZfIxRUffngnMXXa6oUwvoWbHkNsNHHvtIchK4LV2Ev9rz8TrQww7AtA\",\"userAgent\":\"fusebit-test\"}\n\u001b[2m\u001b[22m\n\u001b[2m    \u001b[0m \u001b[90m 620 | \u001b[39m  test(\u001b[32m'Entity Empty POST'\u001b[39m\u001b[33m,\u001b[39m async () \u001b[33m=>\u001b[39m {\u001b[0m\u001b[22m\n\u001b[2m    \u001b[0m \u001b[90m 621 | \u001b[39m    \u001b[36mconst\u001b[39m createResponse \u001b[33m=\u001b[39m await \u001b[33mApiRequestMap\u001b[39m[testEntityType]\u001b[33m.\u001b[39mpost(account\u001b[33m,\u001b[39m boundaryId)\u001b[33m;\u001b[39m\u001b[0m\u001b[22m\n\u001b[2m    \u001b[0m\u001b[31m\u001b[1m>\u001b[2m\u001b[39m\u001b[90m 622 | \u001b[39m    expect(createResponse)\u001b[33m.\u001b[39mtoBeHttp({ statusCode\u001b[33m:\u001b[39m \u001b[35m400\u001b[39m })\u001b[33m;\u001b[39m\u001b[0m\u001b[22m\n\u001b[2m    \u001b[0m \u001b[90m     | \u001b[39m                           \u001b[31m\u001b[1m^\u001b[2m\u001b[39m\u001b[0m\u001b[22m\n\u001b[2m    \u001b[0m \u001b[90m 623 | \u001b[39m  }\u001b[33m,\u001b[39m \u001b[35m180000\u001b[39m)\u001b[33m;\u001b[39m\u001b[0m\u001b[22m\n\u001b[2m    \u001b[0m \u001b[90m 624 | \u001b[39m\u001b[0m\u001b[22m\n\u001b[2m    \u001b[0m \u001b[90m 625 | \u001b[39m  test(\u001b[32m'Entity Empty POST with ID'\u001b[39m\u001b[33m,\u001b[39m async () \u001b[33m=>\u001b[39m {\u001b[0m\u001b[22m\n\u001b[2m\u001b[22m\n\u001b[2m      \u001b[2mat Object.<anonymous> (\u001b[2m\u001b[0m\u001b[36mtest/v2/crud.test.ts\u001b[39m\u001b[0m\u001b[2m:622:28)\u001b[2m\u001b[22m\n\u001b[2m          at runMicrotasks (<anonymous>)\u001b[22m\n\n\u001b[1m\u001b[31m  \u001b[1m● \u001b[1mIntegration without Data › Invoke Entity Event\u001b[39m\u001b[22m\n\n    \u001b[2mexpect(\u001b[22m\u001b[31mreceived\u001b[39m\u001b[2m).\u001b[22mtoEqual\u001b[2m(\u001b[22m\u001b[32mexpected\u001b[39m\u001b[2m) // deep equality\u001b[22m\n\n    Expected: \u001b[32m200\u001b[39m\n    Received: \u001b[31m404\u001b[39m undefined\n\n    failing request:\n    404 POST http://localhost:3001/v2/account/acc-657e7fe7f3044b91/subscription/sub-695bd91985574f01/integration/test-crud-791-312252727-Test-200210114/event - headers: {\n      \"x-powered-by\": \"Express\",\n      \"access-control-allow-origin\": \"*\",\n      \"access-control-allow-credentials\": \"true\",\n      \"access-control-expose-headers\": \"x-fx-logs,x-fx-response-source,content-length\",\n      \"content-type\": \"application/json; charset=utf-8\",\n      \"content-length\": \"53\",\n      \"etag\": \"W/\\\"35-IJBCAV8txfUBeCoSyPeKLeOo0tg\\\"\",\n      \"date\": \"Wed, 15 Sep 2021 00:56:48 GMT\",\n      \"connection\": \"keep-alive\",\n      \"keep-alive\": \"timeout=130\"\n    } - data: {\n      \"status\": 404,\n      \"statusCode\": 404,\n      \"message\": \"Not Found\"\n    } - account: {\"accountId\":\"acc-657e7fe7f3044b91\",\"subscriptionId\":\"sub-695bd91985574f01\",\"audience\":\"http://localhost:3001\",\"baseUrl\":\"http://localhost:3001\",\"accessToken\":\"eyJhbGciOiJSUzI1NiIsInR5cCI6IkpXVCIsImtpZCI6IjcyNzdhNjBjIiwiand0SWQiOiI5YmI4MGU2YThhYzI0OGM3ODE3NmM1YzllM2IyMmRmNyJ9.eyJpYXQiOjE2MzE2NjYzNzQsImV4cCI6MTYzMTY3MzU3NCwiYXVkIjoiaHR0cDovL2xvY2FsaG9zdDozMDAxIiwiaXNzIjoiOTFkYmY2ZDAudXNyLWM5NzlmMmRlZjhhZjRhOTcuY2ljZC51cy1lYXN0LTIuZGV2LmZ1c2ViaXQuaW8iLCJzdWIiOiJjbGktYmNhYmU0NGMifQ.ES8_74NSerUkHfC6JeL4Entsqq86uWP5cxBBSsfQmlztI1QgBg7TL5Sal7LY8BS7ndV1cXPZoi3mGN3VmBsYhg_Qgf_uiDO3Se0OF2BhKMUBjU3Fm4qQL_SlZiNgGHGQ0lJr3KdaCMMXYYen6o2HoEDQzzENuhbiuuA6Qb4b9dx3fn0Qi0JnF_1NbPiaE3QJAOLnhYaNsotFf88XtsF3amD8eE7ujKaUlkWcHzOhLpjvtAUPyv7AEjx30iwWubFGUcMP5dvy0wMyO4CoDSHMZ-0ASr6dWDFid-gTDczAv9Jj-ZiQAkKs3AiGNFonyW5fI0GnuKAD8-SiShO2YOKSmFY_q12522K_5QyhKD_wdTNqju92MkAUYh8wUYANVc4Rio86Aomj9_FGd-c5ZO7N3bkyDj-c91PHSBWa6M0703Ah3vi6IUwsl-JWno7fv8IyrnZ4ZtzQnxdbWBS6G_ojBdsykKzGbAZ0KWvJTMraOoIinjlxkZIZpgYlSduXzsRbWCkLelowAm8R6zDNV6Rv2T4Mt2A6vOq0KeEB7_1jXYaQmO0Wz0BQTN-VbqfB4ZsnbUpXYlGrZOq4pMmm26l0B7LfskWm7MY7lyV6Slp5EkpxDg2ZEMY8ZfIxRUffngnMXXa6oUwvoWbHkNsNHHvtIchK4LV2Ev9rz8TrQww7AtA\",\"userAgent\":\"fusebit-test\"}\n\u001b[2m\u001b[22m\n\u001b[2m    \u001b[0m \u001b[90m 781 | \u001b[39m      contentType\u001b[33m:\u001b[39m \u001b[32m'application/json'\u001b[39m\u001b[33m,\u001b[39m\u001b[0m\u001b[22m\n\u001b[2m    \u001b[0m \u001b[90m 782 | \u001b[39m    })\u001b[33m;\u001b[39m\u001b[0m\u001b[22m\n\u001b[2m    \u001b[0m\u001b[31m\u001b[1m>\u001b[2m\u001b[39m\u001b[90m 783 | \u001b[39m    expect(result)\u001b[33m.\u001b[39mtoBeHttp({ statusCode\u001b[33m:\u001b[39m \u001b[35m200\u001b[39m\u001b[33m,\u001b[39m data\u001b[33m:\u001b[39m { answer\u001b[33m:\u001b[39m \u001b[32m'banana and mango'\u001b[39m } })\u001b[33m;\u001b[39m\u001b[0m\u001b[22m\n\u001b[2m    \u001b[0m \u001b[90m     | \u001b[39m                   \u001b[31m\u001b[1m^\u001b[2m\u001b[39m\u001b[0m\u001b[22m\n\u001b[2m    \u001b[0m \u001b[90m 784 | \u001b[39m  }\u001b[33m,\u001b[39m \u001b[35m180000\u001b[39m)\u001b[33m;\u001b[39m\u001b[0m\u001b[22m\n\u001b[2m    \u001b[0m \u001b[90m 785 | \u001b[39m}\u001b[33m;\u001b[39m\u001b[0m\u001b[22m\n\u001b[2m    \u001b[0m \u001b[90m 786 | \u001b[39m\u001b[0m\u001b[22m\n\u001b[2m\u001b[22m\n\u001b[2m      \u001b[2mat Object.<anonymous> (\u001b[2m\u001b[0m\u001b[36mtest/v2/crud.test.ts\u001b[39m\u001b[0m\u001b[2m:783:20)\u001b[2m\u001b[22m\n\u001b[2m          at runMicrotasks (<anonymous>)\u001b[22m\n","name":"/Users/matthew/code/q5/api/function-api/test/v2/crud.test.ts","startTime":1631666330639,"status":"failed","summary":""}],"wasInterrupted":false}
